2001.09.14 06:20 B C:\Documents and Settings\Administrator\Desktop\winter2001\11.htm <-- stanford /afs/ir/users/d/o/dougc/winter2001 11.htm
2001.09.14 06:20 B C:\Documents and Settings\Administrator\Desktop\winter2001\111.gif <-- stanford /afs/ir/users/d/o/dougc/winter2001 111.gif
2001.09.14 06:20 B C:\Documents and Settings\Administrator\Desktop\winter2001\12.pdf <-- stanford /afs/ir/users/d/o/dougc/winter2001 12.pdf
2001.09.14 06:20 B C:\Documents and Settings\Administrator\Desktop\winter2001\12.ps <-- stanford /afs/ir/users/d/o/dougc/winter2001 12.ps
2001.09.14 06:20 B C:\Documents and Settings\Administrator\Desktop\winter2001\13.pdf <-- stanford /afs/ir/users/d/o/dougc/winter2001 13.pdf
2001.09.14 06:20 B C:\Documents and Settings\Administrator\Desktop\winter2001\13.ps <-- stanford /afs/ir/users/d/o/dougc/winter2001 13.ps
2001.09.14 06:20 B C:\Documents and Settings\Administrator\Desktop\winter2001\14.pdf <-- stanford /afs/ir/users/d/o/dougc/winter2001 14.pdf
2001.09.14 06:20 B C:\Documents and Settings\Administrator\Desktop\winter2001\21.pdf <-- stanford /afs/ir/users/d/o/dougc/winter2001 21.pdf
2001.09.14 06:20 B C:\Documents and Settings\Administrator\Desktop\winter2001\22.gif <-- stanford /afs/ir/users/d/o/dougc/winter2001 22.gif
2001.09.14 06:20 B C:\Documents and Settings\Administrator\Desktop\winter2001\23.htm <-- stanford /afs/ir/users/d/o/dougc/winter2001 23.htm
2001.09.14 06:20 B C:\Documents and Settings\Administrator\Desktop\winter2001\24.htm <-- stanford /afs/ir/users/d/o/dougc/winter2001 24.htm
2001.09.14 06:20 B C:\Documents and Settings\Administrator\Desktop\winter2001\25.htm <-- stanford /afs/ir/users/d/o/dougc/winter2001 25.htm
2001.09.14 06:20 B C:\Documents and Settings\Administrator\Desktop\winter2001\31.pdf <-- stanford /afs/ir/users/d/o/dougc/winter2001 31.pdf
2001.09.14 06:20 B C:\Documents and Settings\Administrator\Desktop\winter2001\31.ps <-- stanford /afs/ir/users/d/o/dougc/winter2001 31.ps
2001.09.14 06:20 B C:\Documents and Settings\Administrator\Desktop\winter2001\32.htm <-- stanford /afs/ir/users/d/o/dougc/winter2001 32.htm
2001.09.14 06:20 B C:\Documents and Settings\Administrator\Desktop\winter2001\33.txt <-- stanford /afs/ir/users/d/o/dougc/winter2001 33.txt
2001.09.14 06:20 B C:\Documents and Settings\Administrator\Desktop\winter2001\34.pdf <-- stanford /afs/ir/users/d/o/dougc/winter2001 34.pdf
2001.09.14 06:20 B C:\Documents and Settings\Administrator\Desktop\winter2001\34.txt <-- stanford /afs/ir/users/d/o/dougc/winter2001 34.txt
2001.09.14 06:20 B C:\Documents and Settings\Administrator\Desktop\winter2001\41.pdf <-- stanford /afs/ir/users/d/o/dougc/winter2001 41.pdf
2001.09.14 06:20 B C:\Documents and Settings\Administrator\Desktop\winter2001\43.txt <-- stanford /afs/ir/users/d/o/dougc/winter2001 43.txt
2001.09.14 06:20 B C:\Documents and Settings\Administrator\Desktop\winter2001\44.txt <-- stanford /afs/ir/users/d/o/dougc/winter2001 44.txt
2001.09.14 06:20 B C:\Documents and Settings\Administrator\Desktop\winter2001\45.txt <-- stanford /afs/ir/users/d/o/dougc/winter2001 45.txt
2001.09.14 06:20 B C:\Documents and Settings\Administrator\Desktop\winter2001\46.txt <-- stanford /afs/ir/users/d/o/dougc/winter2001 46.txt
2001.09.14 06:20 B C:\Documents and Settings\Administrator\Desktop\winter2001\51.txt <-- stanford /afs/ir/users/d/o/dougc/winter2001 51.txt
2001.09.14 06:20 B C:\Documents and Settings\Administrator\Desktop\winter2001\52.htm <-- stanford /afs/ir/users/d/o/dougc/winter2001 52.htm
2001.09.14 06:20 B C:\Documents and Settings\Administrator\Desktop\winter2001\52.pdf <-- stanford /afs/ir/users/d/o/dougc/winter2001 52.pdf
2001.09.14 06:20 B C:\Documents and Settings\Administrator\Desktop\winter2001\53.txt <-- stanford /afs/ir/users/d/o/dougc/winter2001 53.txt
2001.09.14 06:20 B C:\Documents and Settings\Administrator\Desktop\winter2001\54.htm <-- stanford /afs/ir/users/d/o/dougc/winter2001 54.htm
2001.09.14 06:21 B C:\Documents and Settings\Administrator\Desktop\winter2001\61.pdf <-- stanford /afs/ir/users/d/o/dougc/winter2001 61.pdf
2001.09.14 06:21 B C:\Documents and Settings\Administrator\Desktop\winter2001\62.txt <-- stanford /afs/ir/users/d/o/dougc/winter2001 62.txt
2001.09.14 06:21 B C:\Documents and Settings\Administrator\Desktop\winter2001\63.pdf <-- stanford /afs/ir/users/d/o/dougc/winter2001 63.pdf
2001.09.14 06:21 B C:\Documents and Settings\Administrator\Desktop\winter2001\64.htm <-- stanford /afs/ir/users/d/o/dougc/winter2001 64.htm
2001.09.14 06:21 B C:\Documents and Settings\Administrator\Desktop\winter2001\65.txt <-- stanford /afs/ir/users/d/o/dougc/winter2001 65.txt
2001.09.14 06:21 B C:\Documents and Settings\Administrator\Desktop\winter2001\71.pdf <-- stanford /afs/ir/users/d/o/dougc/winter2001 71.pdf
2001.09.14 06:21 B C:\Documents and Settings\Administrator\Desktop\winter2001\72.pdf <-- stanford /afs/ir/users/d/o/dougc/winter2001 72.pdf
2001.09.14 06:21 B C:\Documents and Settings\Administrator\Desktop\winter2001\72.ps <-- stanford /afs/ir/users/d/o/dougc/winter2001 72.ps
2001.09.14 06:21 B C:\Documents and Settings\Administrator\Desktop\winter2001\73.txt <-- stanford /afs/ir/users/d/o/dougc/winter2001 73.txt
2001.09.14 06:21 B C:\Documents and Settings\Administrator\Desktop\winter2001\74.txt <-- stanford /afs/ir/users/d/o/dougc/winter2001 74.txt
2001.09.14 06:21 B C:\Documents and Settings\Administrator\Desktop\winter2001\75.htm <-- stanford /afs/ir/users/d/o/dougc/winter2001 75.htm
2001.09.14 06:21 B C:\Documents and Settings\Administrator\Desktop\winter2001\81.htm <-- stanford /afs/ir/users/d/o/dougc/winter2001 81.htm
2001.09.14 06:21 B C:\Documents and Settings\Administrator\Desktop\winter2001\82.jpg <-- stanford /afs/ir/users/d/o/dougc/winter2001 82.jpg
2001.09.14 06:21 B C:\Documents and Settings\Administrator\Desktop\winter2001\83.htm <-- stanford /afs/ir/users/d/o/dougc/winter2001 83.htm
2001.09.14 06:21 B C:\Documents and Settings\Administrator\Desktop\winter2001\84.ps <-- stanford /afs/ir/users/d/o/dougc/winter2001 84.ps
2001.09.14 06:21 B C:\Documents and Settings\Administrator\Desktop\winter2001\91.txt <-- stanford /afs/ir/users/d/o/dougc/winter2001 91.txt
2001.09.14 06:21 B C:\Documents and Settings\Administrator\Desktop\winter2001\92.pdf <-- stanford /afs/ir/users/d/o/dougc/winter2001 92.pdf
2001.09.14 06:21 B C:\Documents and Settings\Administrator\Desktop\winter2001\92.ps <-- stanford /afs/ir/users/d/o/dougc/winter2001 92.ps
2001.09.14 06:21 B C:\Documents and Settings\Administrator\Desktop\winter2001\93.txt <-- stanford /afs/ir/users/d/o/dougc/winter2001 93.txt
2001.09.14 06:21 B C:\Documents and Settings\Administrator\Desktop\winter2001\94.txt <-- stanford /afs/ir/users/d/o/dougc/winter2001 94.txt
2001.09.14 06:21 B C:\Documents and Settings\Administrator\Desktop\winter2001\a3XC.htm <-- stanford /afs/ir/users/d/o/dougc/winter2001 a3XC.htm
2001.09.14 06:21 B C:\Documents and Settings\Administrator\Desktop\winter2001\ambi.htm <-- stanford /afs/ir/users/d/o/dougc/winter2001 ambi.htm
2001.09.14 06:21 B C:\Documents and Settings\Administrator\Desktop\winter2001\complexity.htm <-- stanford /afs/ir/users/d/o/dougc/winter2001 complexity.htm
2001.09.14 06:21 B C:\Documents and Settings\Administrator\Desktop\winter2001\computable.htm <-- stanford /afs/ir/users/d/o/dougc/winter2001 computable.htm
2001.09.14 06:21 B C:\Documents and Settings\Administrator\Desktop\winter2001\cs154.htm <-- stanford /afs/ir/users/d/o/dougc/winter2001 cs154.htm
2001.09.14 06:21 B C:\Documents and Settings\Administrator\Desktop\winter2001\cs154midterm.htm <-- stanford /afs/ir/users/d/o/dougc/winter2001 cs154midterm.htm
2001.09.14 06:21 B C:\Documents and Settings\Administrator\Desktop\winter2001\decidability.htm <-- stanford /afs/ir/users/d/o/dougc/winter2001 decidability.htm
2001.09.14 06:21 B C:\Documents and Settings\Administrator\Desktop\winter2001\definability.htm <-- stanford /afs/ir/users/d/o/dougc/winter2001 definability.htm
2001.09.14 06:21 B C:\Documents and Settings\Administrator\Desktop\winter2001\extra4.txt <-- stanford /afs/ir/users/d/o/dougc/winter2001 extra4.txt
2001.09.14 06:21 B C:\Documents and Settings\Administrator\Desktop\winter2001\extra7.ps <-- stanford /afs/ir/users/d/o/dougc/winter2001 extra7.ps
2001.09.14 06:21 B C:\Documents and Settings\Administrator\Desktop\winter2001\extra9.txt <-- stanford /afs/ir/users/d/o/dougc/winter2001 extra9.txt
2001.09.14 06:21 B C:\Documents and Settings\Administrator\Desktop\winter2001\fol.htm <-- stanford /afs/ir/users/d/o/dougc/winter2001 fol.htm
2001.09.14 06:21 B C:\Documents and Settings\Administrator\Desktop\winter2001\handout1.pdf <-- stanford /afs/ir/users/d/o/dougc/winter2001 handout1.pdf
2001.09.14 06:21 B C:\Documents and Settings\Administrator\Desktop\winter2001\handout2.pdf <-- stanford /afs/ir/users/d/o/dougc/winter2001 handout2.pdf
2001.09.14 06:21 B C:\Documents and Settings\Administrator\Desktop\winter2001\homework1.pdf <-- stanford /afs/ir/users/d/o/dougc/winter2001 homework1.pdf
2001.09.14 06:21 B C:\Documents and Settings\Administrator\Desktop\winter2001\hw1.pdf <-- stanford /afs/ir/users/d/o/dougc/winter2001 hw1.pdf
2001.09.14 06:21 B C:\Documents and Settings\Administrator\Desktop\winter2001\hw1.ps <-- stanford /afs/ir/users/d/o/dougc/winter2001 hw1.ps
2001.09.14 06:21 B C:\Documents and Settings\Administrator\Desktop\winter2001\hw2.pdf <-- stanford /afs/ir/users/d/o/dougc/winter2001 hw2.pdf
2001.09.14 06:21 B C:\Documents and Settings\Administrator\Desktop\winter2001\hw2.ps <-- stanford /afs/ir/users/d/o/dougc/winter2001 hw2.ps
2001.09.14 06:21 B C:\Documents and Settings\Administrator\Desktop\winter2001\hw3.pdf <-- stanford /afs/ir/users/d/o/dougc/winter2001 hw3.pdf
2001.09.14 06:21 B C:\Documents and Settings\Administrator\Desktop\winter2001\hw3.ps <-- stanford /afs/ir/users/d/o/dougc/winter2001 hw3.ps
2001.09.14 06:21 B C:\Documents and Settings\Administrator\Desktop\winter2001\hw4.pdf <-- stanford /afs/ir/users/d/o/dougc/winter2001 hw4.pdf
2001.09.14 06:21 B C:\Documents and Settings\Administrator\Desktop\winter2001\hw4.ps <-- stanford /afs/ir/users/d/o/dougc/winter2001 hw4.ps
2001.09.14 06:21 B C:\Documents and Settings\Administrator\Desktop\winter2001\hw4p2.pdf <-- stanford /afs/ir/users/d/o/dougc/winter2001 hw4p2.pdf
2001.09.14 06:21 B C:\Documents and Settings\Administrator\Desktop\winter2001\hw4p2.ps <-- stanford /afs/ir/users/d/o/dougc/winter2001 hw4p2.ps
2001.09.14 06:21 B C:\Documents and Settings\Administrator\Desktop\winter2001\hw5.pdf <-- stanford /afs/ir/users/d/o/dougc/winter2001 hw5.pdf
2001.09.14 06:21 B C:\Documents and Settings\Administrator\Desktop\winter2001\hw5.ps <-- stanford /afs/ir/users/d/o/dougc/winter2001 hw5.ps
2001.09.14 06:21 B C:\Documents and Settings\Administrator\Desktop\winter2001\hw6.pdf <-- stanford /afs/ir/users/d/o/dougc/winter2001 hw6.pdf
2001.09.14 06:21 B C:\Documents and Settings\Administrator\Desktop\winter2001\hw6.ps <-- stanford /afs/ir/users/d/o/dougc/winter2001 hw6.ps
2001.09.14 06:21 B C:\Documents and Settings\Administrator\Desktop\winter2001\hw7.pdf <-- stanford /afs/ir/users/d/o/dougc/winter2001 hw7.pdf
2001.09.14 06:21 B C:\Documents and Settings\Administrator\Desktop\winter2001\hw7.ps <-- stanford /afs/ir/users/d/o/dougc/winter2001 hw7.ps
2001.09.14 06:21 B C:\Documents and Settings\Administrator\Desktop\winter2001\hw8.pdf <-- stanford /afs/ir/users/d/o/dougc/winter2001 hw8.pdf
2001.09.14 06:21 B C:\Documents and Settings\Administrator\Desktop\winter2001\hw8.ps <-- stanford /afs/ir/users/d/o/dougc/winter2001 hw8.ps
2001.09.14 06:21 B C:\Documents and Settings\Administrator\Desktop\winter2001\hw9.pdf <-- stanford /afs/ir/users/d/o/dougc/winter2001 hw9.pdf
2001.09.14 06:21 B C:\Documents and Settings\Administrator\Desktop\winter2001\hw9.ps <-- stanford /afs/ir/users/d/o/dougc/winter2001 hw9.ps
2001.09.14 06:21 B C:\Documents and Settings\Administrator\Desktop\winter2001\incompleteness.htm <-- stanford /afs/ir/users/d/o/dougc/winter2001 incompleteness.htm
2001.09.14 06:21 B C:\Documents and Settings\Administrator\Desktop\winter2001\minimization.htm <-- stanford /afs/ir/users/d/o/dougc/winter2001 minimization.htm
2001.09.14 06:21 B C:\Documents and Settings\Administrator\Desktop\winter2001\mt.pdf <-- stanford /afs/ir/users/d/o/dougc/winter2001 mt.pdf
2001.09.14 06:21 B C:\Documents and Settings\Administrator\Desktop\winter2001\mt.ps <-- stanford /afs/ir/users/d/o/dougc/winter2001 mt.ps
2001.09.14 06:21 B C:\Documents and Settings\Administrator\Desktop\winter2001\My automata notes Spring 2001.doc <-- stanford /afs/ir/users/d/o/dougc/winter2001 My automata notes Spring 2001.doc
2001.09.14 06:21 B C:\Documents and Settings\Administrator\Desktop\winter2001\problem5.htm <-- stanford /afs/ir/users/d/o/dougc/winter2001 problem5.htm
2001.09.14 06:21 B C:\Documents and Settings\Administrator\Desktop\winter2001\Rice.htm <-- stanford /afs/ir/users/d/o/dougc/winter2001 Rice.htm
2001.09.14 06:21 B C:\Documents and Settings\Administrator\Desktop\winter2001\useless.htm <-- stanford /afs/ir/users/d/o/dougc/winter2001 useless.htm
2001.09.14 06:21 B C:\Documents and Settings\Administrator\Desktop\winter2001\week1.tiff <-- stanford /afs/ir/users/d/o/dougc/winter2001 week1.tiff
2001.09.14 06:21 B C:\Documents and Settings\Administrator\Desktop\winter2001\week2.tiff <-- stanford /afs/ir/users/d/o/dougc/winter2001 week2.tiff
