2001.09.14 05:15 B C:\Documents and Settings\Administrator\Desktop\cs140\pp2\userprog\SUN\addrspace.o <-- stanford /afs/ir/users/d/o/dougc/cs140/pp2/userprog/SUN addrspace.o
2001.09.14 05:15 B C:\Documents and Settings\Administrator\Desktop\cs140\pp2\userprog\SUN\alarm.o <-- stanford /afs/ir/users/d/o/dougc/cs140/pp2/userprog/SUN alarm.o
2001.09.14 05:15 B C:\Documents and Settings\Administrator\Desktop\cs140\pp2\userprog\SUN\bitmap.o <-- stanford /afs/ir/users/d/o/dougc/cs140/pp2/userprog/SUN bitmap.o
2001.09.14 05:15 B C:\Documents and Settings\Administrator\Desktop\cs140\pp2\userprog\SUN\console.o <-- stanford /afs/ir/users/d/o/dougc/cs140/pp2/userprog/SUN console.o
2001.09.14 05:15 B C:\Documents and Settings\Administrator\Desktop\cs140\pp2\userprog\SUN\debug.o <-- stanford /afs/ir/users/d/o/dougc/cs140/pp2/userprog/SUN debug.o
2001.09.14 05:15 B C:\Documents and Settings\Administrator\Desktop\cs140\pp2\userprog\SUN\elevator.o <-- stanford /afs/ir/users/d/o/dougc/cs140/pp2/userprog/SUN elevator.o
2001.09.14 05:15 B C:\Documents and Settings\Administrator\Desktop\cs140\pp2\userprog\SUN\elevatortest.o <-- stanford /afs/ir/users/d/o/dougc/cs140/pp2/userprog/SUN elevatortest.o
2001.09.14 05:15 B C:\Documents and Settings\Administrator\Desktop\cs140\pp2\userprog\SUN\exception.o <-- stanford /afs/ir/users/d/o/dougc/cs140/pp2/userprog/SUN exception.o
2001.09.14 05:15 B C:\Documents and Settings\Administrator\Desktop\cs140\pp2\userprog\SUN\interrupt.o <-- stanford /afs/ir/users/d/o/dougc/cs140/pp2/userprog/SUN interrupt.o
2001.09.14 05:15 B C:\Documents and Settings\Administrator\Desktop\cs140\pp2\userprog\SUN\kernel.o <-- stanford /afs/ir/users/d/o/dougc/cs140/pp2/userprog/SUN kernel.o
2001.09.14 05:15 B C:\Documents and Settings\Administrator\Desktop\cs140\pp2\userprog\SUN\libtest.o <-- stanford /afs/ir/users/d/o/dougc/cs140/pp2/userprog/SUN libtest.o
2001.09.14 05:15 B C:\Documents and Settings\Administrator\Desktop\cs140\pp2\userprog\SUN\machine.o <-- stanford /afs/ir/users/d/o/dougc/cs140/pp2/userprog/SUN machine.o
2001.09.14 05:15 B C:\Documents and Settings\Administrator\Desktop\cs140\pp2\userprog\SUN\main.o <-- stanford /afs/ir/users/d/o/dougc/cs140/pp2/userprog/SUN main.o
2001.09.14 05:15 B C:\Documents and Settings\Administrator\Desktop\cs140\pp2\userprog\SUN\Makefile <-- stanford /afs/ir/users/d/o/dougc/cs140/pp2/userprog/SUN Makefile
2001.09.14 05:15 B C:\Documents and Settings\Administrator\Desktop\cs140\pp2\userprog\SUN\memman.o <-- stanford /afs/ir/users/d/o/dougc/cs140/pp2/userprog/SUN memman.o
2001.09.14 05:15 B C:\Documents and Settings\Administrator\Desktop\cs140\pp2\userprog\SUN\mipssim.o <-- stanford /afs/ir/users/d/o/dougc/cs140/pp2/userprog/SUN mipssim.o
2001.09.14 05:16 B C:\Documents and Settings\Administrator\Desktop\cs140\pp2\userprog\SUN\nachos <-- stanford /afs/ir/users/d/o/dougc/cs140/pp2/userprog/SUN nachos
2001.09.14 05:16 B C:\Documents and Settings\Administrator\Desktop\cs140\pp2\userprog\SUN\scheduler.o <-- stanford /afs/ir/users/d/o/dougc/cs140/pp2/userprog/SUN scheduler.o
2001.09.14 05:16 B C:\Documents and Settings\Administrator\Desktop\cs140\pp2\userprog\SUN\stats.o <-- stanford /afs/ir/users/d/o/dougc/cs140/pp2/userprog/SUN stats.o
2001.09.14 05:16 B C:\Documents and Settings\Administrator\Desktop\cs140\pp2\userprog\SUN\switch.o <-- stanford /afs/ir/users/d/o/dougc/cs140/pp2/userprog/SUN switch.o
2001.09.14 05:16 B C:\Documents and Settings\Administrator\Desktop\cs140\pp2\userprog\SUN\swtch.s <-- stanford /afs/ir/users/d/o/dougc/cs140/pp2/userprog/SUN swtch.s
2001.09.14 05:16 B C:\Documents and Settings\Administrator\Desktop\cs140\pp2\userprog\SUN\synch.o <-- stanford /afs/ir/users/d/o/dougc/cs140/pp2/userprog/SUN synch.o
2001.09.14 05:16 B C:\Documents and Settings\Administrator\Desktop\cs140\pp2\userprog\SUN\synchconsole.o <-- stanford /afs/ir/users/d/o/dougc/cs140/pp2/userprog/SUN synchconsole.o
2001.09.14 05:16 B C:\Documents and Settings\Administrator\Desktop\cs140\pp2\userprog\SUN\sysdep.o <-- stanford /afs/ir/users/d/o/dougc/cs140/pp2/userprog/SUN sysdep.o
2001.09.14 05:16 B C:\Documents and Settings\Administrator\Desktop\cs140\pp2\userprog\SUN\thread.o <-- stanford /afs/ir/users/d/o/dougc/cs140/pp2/userprog/SUN thread.o
2001.09.14 05:16 B C:\Documents and Settings\Administrator\Desktop\cs140\pp2\userprog\SUN\timer.o <-- stanford /afs/ir/users/d/o/dougc/cs140/pp2/userprog/SUN timer.o
2001.09.14 05:16 B C:\Documents and Settings\Administrator\Desktop\cs140\pp2\userprog\SUN\translate.o <-- stanford /afs/ir/users/d/o/dougc/cs140/pp2/userprog/SUN translate.o
2001.09.14 05:16 B C:\Documents and Settings\Administrator\Desktop\cs140\pp2\userprog\SUN\userkernel.o <-- stanford /afs/ir/users/d/o/dougc/cs140/pp2/userprog/SUN userkernel.o
