2001.09.14 05:09 B C:\Documents and Settings\Administrator\Desktop\archiveleland\4doug.doc <-- stanford /afs/ir/users/d/o/dougc/archiveleland 4doug.doc
2001.09.14 05:09 B C:\Documents and Settings\Administrator\Desktop\archiveleland\Cs157 spring 2001 hw.doc <-- stanford /afs/ir/users/d/o/dougc/archiveleland Cs157 spring 2001 hw.doc
2001.09.14 05:09 B C:\Documents and Settings\Administrator\Desktop\archiveleland\Cs157 spring 2001 hw2rev1.txt <-- stanford /afs/ir/users/d/o/dougc/archiveleland Cs157 spring 2001 hw2rev1.txt
2001.09.14 05:09 B C:\Documents and Settings\Administrator\Desktop\archiveleland\cs157hw12001.doc <-- stanford /afs/ir/users/d/o/dougc/archiveleland cs157hw12001.doc
2001.09.14 05:09 B C:\Documents and Settings\Administrator\Desktop\archiveleland\cs157hw12001.txt <-- stanford /afs/ir/users/d/o/dougc/archiveleland cs157hw12001.txt
2001.09.14 05:09 B C:\Documents and Settings\Administrator\Desktop\archiveleland\CS157hw3spring2001.txt <-- stanford /afs/ir/users/d/o/dougc/archiveleland CS157hw3spring2001.txt
2001.09.14 05:09 B C:\Documents and Settings\Administrator\Desktop\archiveleland\cs157spring2001hw4.txt <-- stanford /afs/ir/users/d/o/dougc/archiveleland cs157spring2001hw4.txt
2001.09.14 05:09 B C:\Documents and Settings\Administrator\Desktop\archiveleland\cshrc.meta <-- stanford /afs/ir/users/d/o/dougc/archiveleland cshrc.meta
2001.09.14 05:09 B C:\Documents and Settings\Administrator\Desktop\archiveleland\dot.fvwm95rc <-- stanford /afs/ir/users/d/o/dougc/archiveleland dot.fvwm95rc
2001.09.14 05:09 B C:\Documents and Settings\Administrator\Desktop\archiveleland\homework <-- stanford /afs/ir/users/d/o/dougc/archiveleland homework
2001.09.14 05:09 B C:\Documents and Settings\Administrator\Desktop\archiveleland\homework.txt <-- stanford /afs/ir/users/d/o/dougc/archiveleland homework.txt
2001.09.14 05:09 B C:\Documents and Settings\Administrator\Desktop\archiveleland\homework1.submitted <-- stanford /afs/ir/users/d/o/dougc/archiveleland homework1.submitted
2001.09.14 05:09 B C:\Documents and Settings\Administrator\Desktop\archiveleland\hw1 <-- stanford /afs/ir/users/d/o/dougc/archiveleland hw1
2001.09.14 05:09 B C:\Documents and Settings\Administrator\Desktop\archiveleland\hw2.txt <-- stanford /afs/ir/users/d/o/dougc/archiveleland hw2.txt
2001.09.14 05:09 B C:\Documents and Settings\Administrator\Desktop\archiveleland\hw2sols.htm <-- stanford /afs/ir/users/d/o/dougc/archiveleland hw2sols.htm
2001.09.14 05:09 B C:\Documents and Settings\Administrator\Desktop\archiveleland\hw3.txt <-- stanford /afs/ir/users/d/o/dougc/archiveleland hw3.txt
2001.09.14 05:09 B C:\Documents and Settings\Administrator\Desktop\archiveleland\jstanford_040601.ppt <-- stanford /afs/ir/users/d/o/dougc/archiveleland jstanford_040601.ppt
2001.09.14 05:09 B C:\Documents and Settings\Administrator\Desktop\archiveleland\linuxnotes <-- stanford /afs/ir/users/d/o/dougc/archiveleland linuxnotes
2001.09.14 05:09 B C:\Documents and Settings\Administrator\Desktop\archiveleland\mazewar.htm <-- stanford /afs/ir/users/d/o/dougc/archiveleland mazewar.htm
2001.09.14 05:09 B C:\Documents and Settings\Administrator\Desktop\archiveleland\myOSnotes~ <-- stanford /afs/ir/users/d/o/dougc/archiveleland myOSnotes~
2001.09.14 05:09 B C:\Documents and Settings\Administrator\Desktop\archiveleland\newdougc.doc <-- stanford /afs/ir/users/d/o/dougc/archiveleland newdougc.doc
2001.09.14 05:09 B C:\Documents and Settings\Administrator\Desktop\archiveleland\Phil 160a - PS2.doc <-- stanford /afs/ir/users/d/o/dougc/archiveleland Phil 160a - PS2.doc
2001.09.14 05:09 B C:\Documents and Settings\Administrator\Desktop\archiveleland\Phil160A final.doc <-- stanford /afs/ir/users/d/o/dougc/archiveleland Phil160A final.doc
2001.09.14 05:09 B C:\Documents and Settings\Administrator\Desktop\archiveleland\Prop1.gif <-- stanford /afs/ir/users/d/o/dougc/archiveleland Prop1.gif
2001.09.14 05:09 B C:\Documents and Settings\Administrator\Desktop\archiveleland\README.p3 <-- stanford /afs/ir/users/d/o/dougc/archiveleland README.p3
2001.09.14 05:09 B C:\Documents and Settings\Administrator\Desktop\archiveleland\resave.ppt <-- stanford /afs/ir/users/d/o/dougc/archiveleland resave.ppt
2001.09.14 05:09 B C:\Documents and Settings\Administrator\Desktop\archiveleland\resume_ext.txt <-- stanford /afs/ir/users/d/o/dougc/archiveleland resume_ext.txt
2001.09.14 05:09 B C:\Documents and Settings\Administrator\Desktop\archiveleland\s.ppt <-- stanford /afs/ir/users/d/o/dougc/archiveleland s.ppt
2001.09.14 05:09 B C:\Documents and Settings\Administrator\Desktop\archiveleland\shmem-desc.htm <-- stanford /afs/ir/users/d/o/dougc/archiveleland shmem-desc.htm
2001.09.14 05:09 B C:\Documents and Settings\Administrator\Desktop\archiveleland\shmem-impl.htm <-- stanford /afs/ir/users/d/o/dougc/archiveleland shmem-impl.htm
2001.09.14 05:09 B C:\Documents and Settings\Administrator\Desktop\archiveleland\shmem.htm <-- stanford /afs/ir/users/d/o/dougc/archiveleland shmem.htm
2001.09.14 05:09 B C:\Documents and Settings\Administrator\Desktop\archiveleland\stanford_040601.ppt <-- stanford /afs/ir/users/d/o/dougc/archiveleland stanford_040601.ppt
2001.09.14 05:09 B C:\Documents and Settings\Administrator\Desktop\archiveleland\Virtual DJ Presentation.ppt <-- stanford /afs/ir/users/d/o/dougc/archiveleland Virtual DJ Presentation.ppt
2001.09.14 05:09 B C:\Documents and Settings\Administrator\Desktop\archiveleland\virtual.ppt <-- stanford /afs/ir/users/d/o/dougc/archiveleland virtual.ppt
2001.09.14 05:09 B C:\Documents and Settings\Administrator\Desktop\archiveleland\web100-2001031913.tar.gz <-- stanford /afs/ir/users/d/o/dougc/archiveleland web100-2001031913.tar.gz
2001.09.14 05:09 B C:\Documents and Settings\Administrator\Desktop\archiveleland\web100-2001052311.tar.gz <-- stanford /afs/ir/users/d/o/dougc/archiveleland web100-2001052311.tar.gz
