2001.09.14 05:15 B C:\Documents and Settings\Administrator\Desktop\cs140\pp2\threads\alarm.cc <-- stanford /afs/ir/users/d/o/dougc/cs140/pp2/threads alarm.cc
2001.09.14 05:15 B C:\Documents and Settings\Administrator\Desktop\cs140\pp2\threads\alarm.h <-- stanford /afs/ir/users/d/o/dougc/cs140/pp2/threads alarm.h
2001.09.14 05:15 B C:\Documents and Settings\Administrator\Desktop\cs140\pp2\threads\constants.h <-- stanford /afs/ir/users/d/o/dougc/cs140/pp2/threads constants.h
2001.09.14 05:15 B C:\Documents and Settings\Administrator\Desktop\cs140\pp2\threads\kernel.cc <-- stanford /afs/ir/users/d/o/dougc/cs140/pp2/threads kernel.cc
2001.09.14 05:15 B C:\Documents and Settings\Administrator\Desktop\cs140\pp2\threads\kernel.h <-- stanford /afs/ir/users/d/o/dougc/cs140/pp2/threads kernel.h
2001.09.14 05:15 B C:\Documents and Settings\Administrator\Desktop\cs140\pp2\threads\mailbox.cc <-- stanford /afs/ir/users/d/o/dougc/cs140/pp2/threads mailbox.cc
2001.09.14 05:15 B C:\Documents and Settings\Administrator\Desktop\cs140\pp2\threads\mailbox.h <-- stanford /afs/ir/users/d/o/dougc/cs140/pp2/threads mailbox.h
2001.09.14 05:15 B C:\Documents and Settings\Administrator\Desktop\cs140\pp2\threads\main.cc <-- stanford /afs/ir/users/d/o/dougc/cs140/pp2/threads main.cc
2001.09.14 05:15 B C:\Documents and Settings\Administrator\Desktop\cs140\pp2\threads\main.h <-- stanford /afs/ir/users/d/o/dougc/cs140/pp2/threads main.h
2001.09.14 05:15 B C:\Documents and Settings\Administrator\Desktop\cs140\pp2\threads\Makefile <-- stanford /afs/ir/users/d/o/dougc/cs140/pp2/threads Makefile
2001.09.14 05:15 B C:\Documents and Settings\Administrator\Desktop\cs140\pp2\threads\Makefile.ALL <-- stanford /afs/ir/users/d/o/dougc/cs140/pp2/threads Makefile.ALL
2001.09.14 05:15 B C:\Documents and Settings\Administrator\Desktop\cs140\pp2\threads\scheduler.cc <-- stanford /afs/ir/users/d/o/dougc/cs140/pp2/threads scheduler.cc
2001.09.14 05:15 B C:\Documents and Settings\Administrator\Desktop\cs140\pp2\threads\scheduler.h <-- stanford /afs/ir/users/d/o/dougc/cs140/pp2/threads scheduler.h
2001.09.14 05:15 B C:\Documents and Settings\Administrator\Desktop\cs140\pp2\threads\switch.h <-- stanford /afs/ir/users/d/o/dougc/cs140/pp2/threads switch.h
2001.09.14 05:15 B C:\Documents and Settings\Administrator\Desktop\cs140\pp2\threads\switch.s <-- stanford /afs/ir/users/d/o/dougc/cs140/pp2/threads switch.s
2001.09.14 05:15 B C:\Documents and Settings\Administrator\Desktop\cs140\pp2\threads\synch.cc <-- stanford /afs/ir/users/d/o/dougc/cs140/pp2/threads synch.cc
2001.09.14 05:15 B C:\Documents and Settings\Administrator\Desktop\cs140\pp2\threads\synch.h <-- stanford /afs/ir/users/d/o/dougc/cs140/pp2/threads synch.h
2001.09.14 05:15 B C:\Documents and Settings\Administrator\Desktop\cs140\pp2\threads\synchlist.cc <-- stanford /afs/ir/users/d/o/dougc/cs140/pp2/threads synchlist.cc
2001.09.14 05:15 B C:\Documents and Settings\Administrator\Desktop\cs140\pp2\threads\synchlist.h <-- stanford /afs/ir/users/d/o/dougc/cs140/pp2/threads synchlist.h
2001.09.14 05:15 B C:\Documents and Settings\Administrator\Desktop\cs140\pp2\threads\thread.cc <-- stanford /afs/ir/users/d/o/dougc/cs140/pp2/threads thread.cc
2001.09.14 05:15 B C:\Documents and Settings\Administrator\Desktop\cs140\pp2\threads\thread.h <-- stanford /afs/ir/users/d/o/dougc/cs140/pp2/threads thread.h
