2002.03.22 08:35 B H:\cs143projects\pp1\#hongpp1# <-- transfer /afs/ir/users/d/o/dougc/pp1 #hongpp1#
2002.03.22 08:35 B H:\cs143projects\pp1\a.out <-- transfer /afs/ir/users/d/o/dougc/pp1 a.out
2002.03.22 08:35 B H:\cs143projects\pp1\badbool.frag <-- transfer /afs/ir/users/d/o/dougc/pp1 badbool.frag
2002.03.22 08:35 B H:\cs143projects\pp1\badbool.out <-- transfer /afs/ir/users/d/o/dougc/pp1 badbool.out
2002.03.22 08:35 B H:\cs143projects\pp1\badcomment.frag <-- transfer /afs/ir/users/d/o/dougc/pp1 badcomment.frag
2002.03.22 08:35 B H:\cs143projects\pp1\baddir.frag <-- transfer /afs/ir/users/d/o/dougc/pp1 baddir.frag
2002.03.22 08:35 B H:\cs143projects\pp1\baddir.frag~ <-- transfer /afs/ir/users/d/o/dougc/pp1 baddir.frag~
2002.03.22 08:35 B H:\cs143projects\pp1\baddouble.frag <-- transfer /afs/ir/users/d/o/dougc/pp1 baddouble.frag
2002.03.22 08:35 B H:\cs143projects\pp1\baddouble.out <-- transfer /afs/ir/users/d/o/dougc/pp1 baddouble.out
2002.03.22 08:35 B H:\cs143projects\pp1\badident.frag <-- transfer /afs/ir/users/d/o/dougc/pp1 badident.frag
2002.03.22 08:35 B H:\cs143projects\pp1\badident.out <-- transfer /afs/ir/users/d/o/dougc/pp1 badident.out
2002.03.22 08:35 B H:\cs143projects\pp1\badint.frag <-- transfer /afs/ir/users/d/o/dougc/pp1 badint.frag
2002.03.22 08:35 B H:\cs143projects\pp1\badint.out <-- transfer /afs/ir/users/d/o/dougc/pp1 badint.out
2002.03.22 08:35 B H:\cs143projects\pp1\badop.frag <-- transfer /afs/ir/users/d/o/dougc/pp1 badop.frag
2002.03.22 08:35 B H:\cs143projects\pp1\badop.out <-- transfer /afs/ir/users/d/o/dougc/pp1 badop.out
2002.03.22 08:35 B H:\cs143projects\pp1\badpd.frag <-- transfer /afs/ir/users/d/o/dougc/pp1 badpd.frag
2002.03.22 08:35 B H:\cs143projects\pp1\badpd.frag~ <-- transfer /afs/ir/users/d/o/dougc/pp1 badpd.frag~
2002.03.22 08:35 B H:\cs143projects\pp1\badpre.frag <-- transfer /afs/ir/users/d/o/dougc/pp1 badpre.frag
2002.03.22 08:35 B H:\cs143projects\pp1\badpre.out <-- transfer /afs/ir/users/d/o/dougc/pp1 badpre.out
2002.03.22 08:35 B H:\cs143projects\pp1\badreserve.frag <-- transfer /afs/ir/users/d/o/dougc/pp1 badreserve.frag
2002.03.22 08:35 B H:\cs143projects\pp1\badreserve.out <-- transfer /afs/ir/users/d/o/dougc/pp1 badreserve.out
2002.03.22 08:35 B H:\cs143projects\pp1\badstring.frag <-- transfer /afs/ir/users/d/o/dougc/pp1 badstring.frag
2002.03.22 08:35 B H:\cs143projects\pp1\badstring.out <-- transfer /afs/ir/users/d/o/dougc/pp1 badstring.out
2002.03.22 08:35 B H:\cs143projects\pp1\beforechanges <-- transfer /afs/ir/users/d/o/dougc/pp1 beforechanges
2002.03.22 08:35 B H:\cs143projects\pp1\beforechanges~ <-- transfer /afs/ir/users/d/o/dougc/pp1 beforechanges~
2002.03.22 08:35 B H:\cs143projects\pp1\bkup_scanner.l <-- transfer /afs/ir/users/d/o/dougc/pp1 bkup_scanner.l
2002.03.22 08:35 B H:\cs143projects\pp1\comment.frag <-- transfer /afs/ir/users/d/o/dougc/pp1 comment.frag
2002.03.22 08:35 B H:\cs143projects\pp1\comment.out <-- transfer /afs/ir/users/d/o/dougc/pp1 comment.out
2002.03.22 08:35 B H:\cs143projects\pp1\dcc <-- transfer /afs/ir/users/d/o/dougc/pp1 dcc
2002.03.22 08:35 B H:\cs143projects\pp1\define.frag <-- transfer /afs/ir/users/d/o/dougc/pp1 define.frag
2002.03.22 08:35 B H:\cs143projects\pp1\define.out <-- transfer /afs/ir/users/d/o/dougc/pp1 define.out
2002.03.22 08:35 B H:\cs143projects\pp1\define.txt <-- transfer /afs/ir/users/d/o/dougc/pp1 define.txt
2002.03.22 08:35 B H:\cs143projects\pp1\define2.txt <-- transfer /afs/ir/users/d/o/dougc/pp1 define2.txt
2002.03.22 08:35 B H:\cs143projects\pp1\define3.txt <-- transfer /afs/ir/users/d/o/dougc/pp1 define3.txt
2002.03.22 08:35 B H:\cs143projects\pp1\define4.txt <-- transfer /afs/ir/users/d/o/dougc/pp1 define4.txt
2002.03.22 08:35 B H:\cs143projects\pp1\define5.txt <-- transfer /afs/ir/users/d/o/dougc/pp1 define5.txt
2002.03.22 08:35 B H:\cs143projects\pp1\definetest.txt <-- transfer /afs/ir/users/d/o/dougc/pp1 definetest.txt
2002.03.22 08:35 B H:\cs143projects\pp1\definetest2.txt <-- transfer /afs/ir/users/d/o/dougc/pp1 definetest2.txt
2002.03.22 08:35 B H:\cs143projects\pp1\dpp <-- transfer /afs/ir/users/d/o/dougc/pp1 dpp
2002.03.22 08:35 B H:\cs143projects\pp1\dpp.l <-- transfer /afs/ir/users/d/o/dougc/pp1 dpp.l
2002.03.22 08:35 B H:\cs143projects\pp1\dpp.l~ <-- transfer /afs/ir/users/d/o/dougc/pp1 dpp.l~
2002.03.22 08:35 B H:\cs143projects\pp1\dpp.yy.c <-- transfer /afs/ir/users/d/o/dougc/pp1 dpp.yy.c
2002.03.22 08:35 B H:\cs143projects\pp1\dpp.yy.o <-- transfer /afs/ir/users/d/o/dougc/pp1 dpp.yy.o
2002.03.22 08:35 B H:\cs143projects\pp1\dppmain.cc <-- transfer /afs/ir/users/d/o/dougc/pp1 dppmain.cc
2002.03.22 08:35 B H:\cs143projects\pp1\dppmain.cc~ <-- transfer /afs/ir/users/d/o/dougc/pp1 dppmain.cc~
2002.03.22 08:35 B H:\cs143projects\pp1\dppmain.o <-- transfer /afs/ir/users/d/o/dougc/pp1 dppmain.o
2002.03.22 08:35 B H:\cs143projects\pp1\errors.h <-- transfer /afs/ir/users/d/o/dougc/pp1 errors.h
2002.03.22 08:35 B H:\cs143projects\pp1\goodident.frag <-- transfer /afs/ir/users/d/o/dougc/pp1 goodident.frag
2002.03.22 08:35 B H:\cs143projects\pp1\goodident.frag~ <-- transfer /afs/ir/users/d/o/dougc/pp1 goodident.frag~
2002.03.22 08:35 B H:\cs143projects\pp1\hash.c <-- transfer /afs/ir/users/d/o/dougc/pp1 hash.c
2002.03.22 08:35 B H:\cs143projects\pp1\hash.cc~ <-- transfer /afs/ir/users/d/o/dougc/pp1 hash.cc~
2002.03.22 08:35 B H:\cs143projects\pp1\hash.c~ <-- transfer /afs/ir/users/d/o/dougc/pp1 hash.c~
2002.03.22 08:35 B H:\cs143projects\pp1\hash.frag <-- transfer /afs/ir/users/d/o/dougc/pp1 hash.frag
2002.03.22 08:35 B H:\cs143projects\pp1\hash.h <-- transfer /afs/ir/users/d/o/dougc/pp1 hash.h
2002.03.22 08:35 B H:\cs143projects\pp1\hash.h~ <-- transfer /afs/ir/users/d/o/dougc/pp1 hash.h~
2002.03.22 08:35 B H:\cs143projects\pp1\hash.o <-- transfer /afs/ir/users/d/o/dougc/pp1 hash.o
2002.03.22 08:35 B H:\cs143projects\pp1\hex.c <-- transfer /afs/ir/users/d/o/dougc/pp1 hex.c
2002.03.22 08:35 B H:\cs143projects\pp1\hex.c~ <-- transfer /afs/ir/users/d/o/dougc/pp1 hex.c~
2002.03.22 08:35 B H:\cs143projects\pp1\hextest <-- transfer /afs/ir/users/d/o/dougc/pp1 hextest
2002.03.22 08:35 B H:\cs143projects\pp1\hextest~ <-- transfer /afs/ir/users/d/o/dougc/pp1 hextest~
2002.03.22 08:35 B H:\cs143projects\pp1\hongpp1 <-- transfer /afs/ir/users/d/o/dougc/pp1 hongpp1
2002.03.22 08:35 B H:\cs143projects\pp1\hongpp1~ <-- transfer /afs/ir/users/d/o/dougc/pp1 hongpp1~
2002.03.22 08:36 B H:\cs143projects\pp1\hongstest.txt <-- transfer /afs/ir/users/d/o/dougc/pp1 hongstest.txt
2002.03.22 08:36 B H:\cs143projects\pp1\hongstest.txt~ <-- transfer /afs/ir/users/d/o/dougc/pp1 hongstest.txt~
2002.03.22 08:36 B H:\cs143projects\pp1\ident.frag <-- transfer /afs/ir/users/d/o/dougc/pp1 ident.frag
2002.03.22 08:36 B H:\cs143projects\pp1\ident.out <-- transfer /afs/ir/users/d/o/dougc/pp1 ident.out
2002.03.22 08:36 B H:\cs143projects\pp1\lex.yy.c <-- transfer /afs/ir/users/d/o/dougc/pp1 lex.yy.c
2002.03.22 08:36 B H:\cs143projects\pp1\lex.yy.o <-- transfer /afs/ir/users/d/o/dougc/pp1 lex.yy.o
2002.03.22 08:36 B H:\cs143projects\pp1\main.cc <-- transfer /afs/ir/users/d/o/dougc/pp1 main.cc
2002.03.22 08:36 B H:\cs143projects\pp1\main.o <-- transfer /afs/ir/users/d/o/dougc/pp1 main.o
2002.03.22 08:36 B H:\cs143projects\pp1\Makefile <-- transfer /afs/ir/users/d/o/dougc/pp1 Makefile
2002.03.22 08:36 B H:\cs143projects\pp1\Makefile~ <-- transfer /afs/ir/users/d/o/dougc/pp1 Makefile~
2002.03.22 08:36 B H:\cs143projects\pp1\number.frag <-- transfer /afs/ir/users/d/o/dougc/pp1 number.frag
2002.03.22 08:36 B H:\cs143projects\pp1\number.frag~ <-- transfer /afs/ir/users/d/o/dougc/pp1 number.frag~
2002.03.22 08:36 B H:\cs143projects\pp1\number.out <-- transfer /afs/ir/users/d/o/dougc/pp1 number.out
2002.03.22 08:36 B H:\cs143projects\pp1\o7 <-- transfer /afs/ir/users/d/o/dougc/pp1 o7
2002.03.22 08:36 B H:\cs143projects\pp1\o8 <-- transfer /afs/ir/users/d/o/dougc/pp1 o8
2002.03.22 08:36 B H:\cs143projects\pp1\o8~ <-- transfer /afs/ir/users/d/o/dougc/pp1 o8~
2002.03.22 08:36 B H:\cs143projects\pp1\outputfileprog3 <-- transfer /afs/ir/users/d/o/dougc/pp1 outputfileprog3
2002.03.22 08:36 B H:\cs143projects\pp1\pgm3.out <-- transfer /afs/ir/users/d/o/dougc/pp1 pgm3.out
2002.03.22 08:36 B H:\cs143projects\pp1\program2.decaf <-- transfer /afs/ir/users/d/o/dougc/pp1 program2.decaf
2002.03.22 08:37 B H:\cs143projects\pp1\program2.out <-- transfer /afs/ir/users/d/o/dougc/pp1 program2.out
2002.03.22 08:37 B H:\cs143projects\pp1\program3.decaf <-- transfer /afs/ir/users/d/o/dougc/pp1 program3.decaf
2002.03.22 08:37 B H:\cs143projects\pp1\program3.out <-- transfer /afs/ir/users/d/o/dougc/pp1 program3.out
2002.03.22 08:37 B H:\cs143projects\pp1\README <-- transfer /afs/ir/users/d/o/dougc/pp1 README
2002.03.22 08:37 B H:\cs143projects\pp1\README~ <-- transfer /afs/ir/users/d/o/dougc/pp1 README~
2002.03.22 08:37 B H:\cs143projects\pp1\reserve_op.frag <-- transfer /afs/ir/users/d/o/dougc/pp1 reserve_op.frag
2002.03.22 08:37 B H:\cs143projects\pp1\reserve_op.out <-- transfer /afs/ir/users/d/o/dougc/pp1 reserve_op.out
2002.03.22 08:37 B H:\cs143projects\pp1\scanner.cs143 <-- transfer /afs/ir/users/d/o/dougc/pp1 scanner.cs143
2002.03.22 08:37 B H:\cs143projects\pp1\scanner.h <-- transfer /afs/ir/users/d/o/dougc/pp1 scanner.h
2002.03.22 08:37 B H:\cs143projects\pp1\scanner.h~ <-- transfer /afs/ir/users/d/o/dougc/pp1 scanner.h~
2002.03.22 08:37 B H:\cs143projects\pp1\scanner.l <-- transfer /afs/ir/users/d/o/dougc/pp1 scanner.l
2002.03.22 08:37 B H:\cs143projects\pp1\scanner.l~ <-- transfer /afs/ir/users/d/o/dougc/pp1 scanner.l~
2002.03.22 08:37 B H:\cs143projects\pp1\string.frag <-- transfer /afs/ir/users/d/o/dougc/pp1 string.frag
2002.03.22 08:37 B H:\cs143projects\pp1\string.out <-- transfer /afs/ir/users/d/o/dougc/pp1 string.out
2002.03.22 08:37 B H:\cs143projects\pp1\stringcomment.frag <-- transfer /afs/ir/users/d/o/dougc/pp1 stringcomment.frag
2002.03.22 08:37 B H:\cs143projects\pp1\test <-- transfer /afs/ir/users/d/o/dougc/pp1 test
2002.03.22 08:37 B H:\cs143projects\pp1\test.c <-- transfer /afs/ir/users/d/o/dougc/pp1 test.c
2002.03.22 08:37 B H:\cs143projects\pp1\test.c~ <-- transfer /afs/ir/users/d/o/dougc/pp1 test.c~
2002.03.22 08:37 B H:\cs143projects\pp1\test.frag <-- transfer /afs/ir/users/d/o/dougc/pp1 test.frag
2002.03.22 08:37 B H:\cs143projects\pp1\test.frag.save <-- transfer /afs/ir/users/d/o/dougc/pp1 test.frag.save
2002.03.22 08:37 B H:\cs143projects\pp1\test.frag~ <-- transfer /afs/ir/users/d/o/dougc/pp1 test.frag~
2002.03.22 08:37 B H:\cs143projects\pp1\test.txt <-- transfer /afs/ir/users/d/o/dougc/pp1 test.txt
2002.03.22 08:37 B H:\cs143projects\pp1\testexp.frag <-- transfer /afs/ir/users/d/o/dougc/pp1 testexp.frag
2002.03.22 08:37 B H:\cs143projects\pp1\testexp.frag~ <-- transfer /afs/ir/users/d/o/dougc/pp1 testexp.frag~
2002.03.22 08:37 B H:\cs143projects\pp1\testhash.c <-- transfer /afs/ir/users/d/o/dougc/pp1 testhash.c
2002.03.22 08:37 B H:\cs143projects\pp1\utility.cc <-- transfer /afs/ir/users/d/o/dougc/pp1 utility.cc
2002.03.22 08:37 B H:\cs143projects\pp1\utility.h <-- transfer /afs/ir/users/d/o/dougc/pp1 utility.h
2002.03.22 08:37 B H:\cs143projects\pp1\utility.o <-- transfer /afs/ir/users/d/o/dougc/pp1 utility.o
2002.06.28 20:43 B E:\cs143projects\pp1\hash.c --> transfer.stanford.edu /afs/ir/users/d/o/dougc/cs143/pp1 hash.c
2002.06.28 20:44 B E:\cs143projects\pp1\hash.h --> transfer.stanford.edu /afs/ir/users/d/o/dougc/cs143/pp1 hash.h
2002.06.28 22:42 B E:\cs143projects\pp1\dpp.l --> transfer.stanford.edu /afs/ir/users/d/o/dougc/cs143/pp1 dpp.l
2002.06.28 22:48 B E:\cs143projects\pp1\#hongpp1# --> transfer.stanford.edu /afs/ir/users/d/o/dougc/cs143/old/pp1 #hongpp1#
2002.06.28 22:48 B E:\cs143projects\pp1\a.out --> transfer.stanford.edu /afs/ir/users/d/o/dougc/cs143/old/pp1 a.out
2002.06.28 22:48 B E:\cs143projects\pp1\badbool.frag --> transfer.stanford.edu /afs/ir/users/d/o/dougc/cs143/old/pp1 badbool.frag
2002.06.28 22:48 B E:\cs143projects\pp1\badbool.out --> transfer.stanford.edu /afs/ir/users/d/o/dougc/cs143/old/pp1 badbool.out
2002.06.28 22:48 B E:\cs143projects\pp1\badcomment.frag --> transfer.stanford.edu /afs/ir/users/d/o/dougc/cs143/old/pp1 badcomment.frag
2002.06.28 22:48 B E:\cs143projects\pp1\baddir.frag --> transfer.stanford.edu /afs/ir/users/d/o/dougc/cs143/old/pp1 baddir.frag
2002.06.28 22:49 B E:\cs143projects\pp1\baddir.frag~ --> transfer.stanford.edu /afs/ir/users/d/o/dougc/cs143/old/pp1 baddir.frag~
2002.06.28 22:49 B E:\cs143projects\pp1\baddouble.frag --> transfer.stanford.edu /afs/ir/users/d/o/dougc/cs143/old/pp1 baddouble.frag
2002.06.28 22:49 B E:\cs143projects\pp1\baddouble.out --> transfer.stanford.edu /afs/ir/users/d/o/dougc/cs143/old/pp1 baddouble.out
2002.06.28 22:49 B E:\cs143projects\pp1\badident.frag --> transfer.stanford.edu /afs/ir/users/d/o/dougc/cs143/old/pp1 badident.frag
2002.06.28 22:49 B E:\cs143projects\pp1\badident.out --> transfer.stanford.edu /afs/ir/users/d/o/dougc/cs143/old/pp1 badident.out
2002.06.28 22:49 B E:\cs143projects\pp1\badint.frag --> transfer.stanford.edu /afs/ir/users/d/o/dougc/cs143/old/pp1 badint.frag
2002.06.28 22:49 B E:\cs143projects\pp1\badint.out --> transfer.stanford.edu /afs/ir/users/d/o/dougc/cs143/old/pp1 badint.out
2002.06.28 22:49 B E:\cs143projects\pp1\badop.frag --> transfer.stanford.edu /afs/ir/users/d/o/dougc/cs143/old/pp1 badop.frag
2002.06.28 22:49 B E:\cs143projects\pp1\badop.out --> transfer.stanford.edu /afs/ir/users/d/o/dougc/cs143/old/pp1 badop.out
2002.06.28 22:49 B E:\cs143projects\pp1\badpd.frag --> transfer.stanford.edu /afs/ir/users/d/o/dougc/cs143/old/pp1 badpd.frag
2002.06.28 22:49 B E:\cs143projects\pp1\badpd.frag~ --> transfer.stanford.edu /afs/ir/users/d/o/dougc/cs143/old/pp1 badpd.frag~
2002.06.28 22:49 B E:\cs143projects\pp1\badpre.frag --> transfer.stanford.edu /afs/ir/users/d/o/dougc/cs143/old/pp1 badpre.frag
2002.06.28 22:49 B E:\cs143projects\pp1\badpre.out --> transfer.stanford.edu /afs/ir/users/d/o/dougc/cs143/old/pp1 badpre.out
2002.06.28 22:49 B E:\cs143projects\pp1\badreserve.frag --> transfer.stanford.edu /afs/ir/users/d/o/dougc/cs143/old/pp1 badreserve.frag
2002.06.28 22:49 B E:\cs143projects\pp1\badreserve.out --> transfer.stanford.edu /afs/ir/users/d/o/dougc/cs143/old/pp1 badreserve.out
2002.06.28 22:49 B E:\cs143projects\pp1\badstring.frag --> transfer.stanford.edu /afs/ir/users/d/o/dougc/cs143/old/pp1 badstring.frag
2002.06.28 22:49 B E:\cs143projects\pp1\badstring.out --> transfer.stanford.edu /afs/ir/users/d/o/dougc/cs143/old/pp1 badstring.out
2002.06.28 22:49 B E:\cs143projects\pp1\beforechanges --> transfer.stanford.edu /afs/ir/users/d/o/dougc/cs143/old/pp1 beforechanges
2002.06.28 22:49 B E:\cs143projects\pp1\beforechanges~ --> transfer.stanford.edu /afs/ir/users/d/o/dougc/cs143/old/pp1 beforechanges~
2002.06.28 22:49 B E:\cs143projects\pp1\bkup_scanner.l --> transfer.stanford.edu /afs/ir/users/d/o/dougc/cs143/old/pp1 bkup_scanner.l
2002.06.28 22:49 B E:\cs143projects\pp1\comment.frag --> transfer.stanford.edu /afs/ir/users/d/o/dougc/cs143/old/pp1 comment.frag
2002.06.28 22:49 B E:\cs143projects\pp1\comment.out --> transfer.stanford.edu /afs/ir/users/d/o/dougc/cs143/old/pp1 comment.out
2002.06.28 22:51 B E:\cs143projects\pp1\dcc --> transfer.stanford.edu /afs/ir/users/d/o/dougc/cs143/old/pp1 dcc
2002.06.28 22:51 B E:\cs143projects\pp1\define.frag --> transfer.stanford.edu /afs/ir/users/d/o/dougc/cs143/old/pp1 define.frag
2002.06.28 22:51 B E:\cs143projects\pp1\define.out --> transfer.stanford.edu /afs/ir/users/d/o/dougc/cs143/old/pp1 define.out
2002.06.28 22:51 B E:\cs143projects\pp1\define.txt --> transfer.stanford.edu /afs/ir/users/d/o/dougc/cs143/old/pp1 define.txt
2002.06.28 22:51 B E:\cs143projects\pp1\define2.txt --> transfer.stanford.edu /afs/ir/users/d/o/dougc/cs143/old/pp1 define2.txt
2002.06.28 22:51 B E:\cs143projects\pp1\define3.txt --> transfer.stanford.edu /afs/ir/users/d/o/dougc/cs143/old/pp1 define3.txt
2002.06.28 22:51 B E:\cs143projects\pp1\define4.txt --> transfer.stanford.edu /afs/ir/users/d/o/dougc/cs143/old/pp1 define4.txt
2002.06.28 22:51 B E:\cs143projects\pp1\define5.txt --> transfer.stanford.edu /afs/ir/users/d/o/dougc/cs143/old/pp1 define5.txt
2002.06.28 22:51 B E:\cs143projects\pp1\definetest.txt --> transfer.stanford.edu /afs/ir/users/d/o/dougc/cs143/old/pp1 definetest.txt
2002.06.28 22:51 B E:\cs143projects\pp1\definetest2.txt --> transfer.stanford.edu /afs/ir/users/d/o/dougc/cs143/old/pp1 definetest2.txt
2002.06.28 22:52 B E:\cs143projects\pp1\dpp --> transfer.stanford.edu /afs/ir/users/d/o/dougc/cs143/old/pp1 dpp
2002.06.28 22:52 B E:\cs143projects\pp1\dpp.l --> transfer.stanford.edu /afs/ir/users/d/o/dougc/cs143/old/pp1 dpp.l
2002.06.28 22:52 B E:\cs143projects\pp1\dpp.l~ --> transfer.stanford.edu /afs/ir/users/d/o/dougc/cs143/old/pp1 dpp.l~
2002.06.28 22:53 B E:\cs143projects\pp1\dpp.yy.c --> transfer.stanford.edu /afs/ir/users/d/o/dougc/cs143/old/pp1 dpp.yy.c
2002.06.28 22:56 B E:\cs143projects\pp1\dpp.yy.o --> transfer.stanford.edu /afs/ir/users/d/o/dougc/cs143/old/pp1 dpp.yy.o
2002.06.28 22:56 B E:\cs143projects\pp1\dppmain.cc --> transfer.stanford.edu /afs/ir/users/d/o/dougc/cs143/old/pp1 dppmain.cc
2002.06.28 22:56 B E:\cs143projects\pp1\dppmain.cc~ --> transfer.stanford.edu /afs/ir/users/d/o/dougc/cs143/old/pp1 dppmain.cc~
2002.06.28 22:56 B E:\cs143projects\pp1\dppmain.o --> transfer.stanford.edu /afs/ir/users/d/o/dougc/cs143/old/pp1 dppmain.o
2002.06.28 22:56 B E:\cs143projects\pp1\errors.h --> transfer.stanford.edu /afs/ir/users/d/o/dougc/cs143/old/pp1 errors.h
2002.06.28 22:56 B E:\cs143projects\pp1\goodident.frag --> transfer.stanford.edu /afs/ir/users/d/o/dougc/cs143/old/pp1 goodident.frag
2002.06.28 22:56 B E:\cs143projects\pp1\goodident.frag~ --> transfer.stanford.edu /afs/ir/users/d/o/dougc/cs143/old/pp1 goodident.frag~
2002.06.28 22:56 B E:\cs143projects\pp1\hash.c --> transfer.stanford.edu /afs/ir/users/d/o/dougc/cs143/old/pp1 hash.c
2002.06.28 22:56 B E:\cs143projects\pp1\hash.cc~ --> transfer.stanford.edu /afs/ir/users/d/o/dougc/cs143/old/pp1 hash.cc~
2002.06.28 22:56 B E:\cs143projects\pp1\hash.c~ --> transfer.stanford.edu /afs/ir/users/d/o/dougc/cs143/old/pp1 hash.c~
2002.06.28 22:56 B E:\cs143projects\pp1\hash.frag --> transfer.stanford.edu /afs/ir/users/d/o/dougc/cs143/old/pp1 hash.frag
2002.06.28 22:56 B E:\cs143projects\pp1\hash.h --> transfer.stanford.edu /afs/ir/users/d/o/dougc/cs143/old/pp1 hash.h
2002.06.28 22:56 B E:\cs143projects\pp1\hash.h~ --> transfer.stanford.edu /afs/ir/users/d/o/dougc/cs143/old/pp1 hash.h~
2002.06.28 22:56 B E:\cs143projects\pp1\hash.o --> transfer.stanford.edu /afs/ir/users/d/o/dougc/cs143/old/pp1 hash.o
2002.06.28 22:56 B E:\cs143projects\pp1\hex.c --> transfer.stanford.edu /afs/ir/users/d/o/dougc/cs143/old/pp1 hex.c
2002.06.28 22:56 B E:\cs143projects\pp1\hex.c~ --> transfer.stanford.edu /afs/ir/users/d/o/dougc/cs143/old/pp1 hex.c~
2002.06.28 22:56 B E:\cs143projects\pp1\hextest --> transfer.stanford.edu /afs/ir/users/d/o/dougc/cs143/old/pp1 hextest
2002.06.28 22:56 B E:\cs143projects\pp1\hextest~ --> transfer.stanford.edu /afs/ir/users/d/o/dougc/cs143/old/pp1 hextest~
2002.06.28 22:56 B E:\cs143projects\pp1\hongpp1 --> transfer.stanford.edu /afs/ir/users/d/o/dougc/cs143/old/pp1 hongpp1
2002.06.28 22:56 B E:\cs143projects\pp1\hongpp1~ --> transfer.stanford.edu /afs/ir/users/d/o/dougc/cs143/old/pp1 hongpp1~
2002.06.28 22:56 B E:\cs143projects\pp1\hongstest.txt --> transfer.stanford.edu /afs/ir/users/d/o/dougc/cs143/old/pp1 hongstest.txt
2002.06.28 22:56 B E:\cs143projects\pp1\hongstest.txt~ --> transfer.stanford.edu /afs/ir/users/d/o/dougc/cs143/old/pp1 hongstest.txt~
2002.06.28 22:56 B E:\cs143projects\pp1\ident.frag --> transfer.stanford.edu /afs/ir/users/d/o/dougc/cs143/old/pp1 ident.frag
2002.06.28 22:56 B E:\cs143projects\pp1\ident.out --> transfer.stanford.edu /afs/ir/users/d/o/dougc/cs143/old/pp1 ident.out
2002.06.28 22:56 B E:\cs143projects\pp1\lex.yy.c --> transfer.stanford.edu /afs/ir/users/d/o/dougc/cs143/old/pp1 lex.yy.c
2002.06.28 22:56 B E:\cs143projects\pp1\lex.yy.o --> transfer.stanford.edu /afs/ir/users/d/o/dougc/cs143/old/pp1 lex.yy.o
2002.06.28 22:56 B E:\cs143projects\pp1\main.cc --> transfer.stanford.edu /afs/ir/users/d/o/dougc/cs143/old/pp1 main.cc
2002.06.28 22:56 B E:\cs143projects\pp1\main.o --> transfer.stanford.edu /afs/ir/users/d/o/dougc/cs143/old/pp1 main.o
2002.06.28 22:56 B E:\cs143projects\pp1\Makefile --> transfer.stanford.edu /afs/ir/users/d/o/dougc/cs143/old/pp1 Makefile
2002.06.28 22:56 B E:\cs143projects\pp1\Makefile~ --> transfer.stanford.edu /afs/ir/users/d/o/dougc/cs143/old/pp1 Makefile~
2002.06.28 22:57 B E:\cs143projects\pp1\number.frag --> transfer.stanford.edu /afs/ir/users/d/o/dougc/cs143/old/pp1 number.frag
2002.06.28 22:57 B E:\cs143projects\pp1\number.frag~ --> transfer.stanford.edu /afs/ir/users/d/o/dougc/cs143/old/pp1 number.frag~
2002.06.28 22:57 B E:\cs143projects\pp1\number.out --> transfer.stanford.edu /afs/ir/users/d/o/dougc/cs143/old/pp1 number.out
2002.06.28 22:58 B E:\cs143projects\pp1\o7 --> transfer.stanford.edu /afs/ir/users/d/o/dougc/cs143/old/pp1 o7
