2001.09.14 05:20 B C:\Documents and Settings\Administrator\Desktop\cs140\pp4\filesys\circlist.cc <-- stanford /afs/ir/users/d/o/dougc/cs140/pp4/filesys circlist.cc
2001.09.14 05:20 B C:\Documents and Settings\Administrator\Desktop\cs140\pp4\filesys\circlist.h <-- stanford /afs/ir/users/d/o/dougc/cs140/pp4/filesys circlist.h
2001.09.14 05:20 B C:\Documents and Settings\Administrator\Desktop\cs140\pp4\filesys\directory.cc <-- stanford /afs/ir/users/d/o/dougc/cs140/pp4/filesys directory.cc
2001.09.14 05:20 B C:\Documents and Settings\Administrator\Desktop\cs140\pp4\filesys\directory.h <-- stanford /afs/ir/users/d/o/dougc/cs140/pp4/filesys directory.h
2001.09.14 05:20 B C:\Documents and Settings\Administrator\Desktop\cs140\pp4\filesys\dirman.cc <-- stanford /afs/ir/users/d/o/dougc/cs140/pp4/filesys dirman.cc
2001.09.14 05:20 B C:\Documents and Settings\Administrator\Desktop\cs140\pp4\filesys\dirman.h <-- stanford /afs/ir/users/d/o/dougc/cs140/pp4/filesys dirman.h
2001.09.14 05:20 B C:\Documents and Settings\Administrator\Desktop\cs140\pp4\filesys\diskcache.cc <-- stanford /afs/ir/users/d/o/dougc/cs140/pp4/filesys diskcache.cc
2001.09.14 05:20 B C:\Documents and Settings\Administrator\Desktop\cs140\pp4\filesys\diskcache.h <-- stanford /afs/ir/users/d/o/dougc/cs140/pp4/filesys diskcache.h
2001.09.14 05:20 B C:\Documents and Settings\Administrator\Desktop\cs140\pp4\filesys\filehdr.cc <-- stanford /afs/ir/users/d/o/dougc/cs140/pp4/filesys filehdr.cc
2001.09.14 05:20 B C:\Documents and Settings\Administrator\Desktop\cs140\pp4\filesys\filehdr.h <-- stanford /afs/ir/users/d/o/dougc/cs140/pp4/filesys filehdr.h
2001.09.14 05:20 B C:\Documents and Settings\Administrator\Desktop\cs140\pp4\filesys\filesys.cc <-- stanford /afs/ir/users/d/o/dougc/cs140/pp4/filesys filesys.cc
2001.09.14 05:20 B C:\Documents and Settings\Administrator\Desktop\cs140\pp4\filesys\filesys.h <-- stanford /afs/ir/users/d/o/dougc/cs140/pp4/filesys filesys.h
2001.09.14 05:20 B C:\Documents and Settings\Administrator\Desktop\cs140\pp4\filesys\fstest.cc <-- stanford /afs/ir/users/d/o/dougc/cs140/pp4/filesys fstest.cc
2001.09.14 05:20 B C:\Documents and Settings\Administrator\Desktop\cs140\pp4\filesys\headman.cc <-- stanford /afs/ir/users/d/o/dougc/cs140/pp4/filesys headman.cc
2001.09.14 05:20 B C:\Documents and Settings\Administrator\Desktop\cs140\pp4\filesys\headman.h <-- stanford /afs/ir/users/d/o/dougc/cs140/pp4/filesys headman.h
2001.09.14 05:20 B C:\Documents and Settings\Administrator\Desktop\cs140\pp4\filesys\Makefile <-- stanford /afs/ir/users/d/o/dougc/cs140/pp4/filesys Makefile
2001.09.14 05:20 B C:\Documents and Settings\Administrator\Desktop\cs140\pp4\filesys\Makefile.ALL <-- stanford /afs/ir/users/d/o/dougc/cs140/pp4/filesys Makefile.ALL
2001.09.14 05:20 B C:\Documents and Settings\Administrator\Desktop\cs140\pp4\filesys\openfile.cc <-- stanford /afs/ir/users/d/o/dougc/cs140/pp4/filesys openfile.cc
2001.09.14 05:20 B C:\Documents and Settings\Administrator\Desktop\cs140\pp4\filesys\openfile.h <-- stanford /afs/ir/users/d/o/dougc/cs140/pp4/filesys openfile.h
2001.09.14 05:20 B C:\Documents and Settings\Administrator\Desktop\cs140\pp4\filesys\pbitmap.cc <-- stanford /afs/ir/users/d/o/dougc/cs140/pp4/filesys pbitmap.cc
2001.09.14 05:20 B C:\Documents and Settings\Administrator\Desktop\cs140\pp4\filesys\pbitmap.h <-- stanford /afs/ir/users/d/o/dougc/cs140/pp4/filesys pbitmap.h
2001.09.14 05:20 B C:\Documents and Settings\Administrator\Desktop\cs140\pp4\filesys\README <-- stanford /afs/ir/users/d/o/dougc/cs140/pp4/filesys README
2001.09.14 05:20 B C:\Documents and Settings\Administrator\Desktop\cs140\pp4\filesys\synchdisk.cc <-- stanford /afs/ir/users/d/o/dougc/cs140/pp4/filesys synchdisk.cc
2001.09.14 05:20 B C:\Documents and Settings\Administrator\Desktop\cs140\pp4\filesys\synchdisk.h <-- stanford /afs/ir/users/d/o/dougc/cs140/pp4/filesys synchdisk.h
2001.09.14 05:20 B C:\Documents and Settings\Administrator\Desktop\cs140\pp4\filesys\TESTCASES <-- stanford /afs/ir/users/d/o/dougc/cs140/pp4/filesys TESTCASES
