2002.03.22 08:34 B H:\cs143projects\pp1\samples\badbool.frag <-- transfer /afs/ir/users/d/o/dougc/pp1/samples badbool.frag
2002.03.22 08:34 B H:\cs143projects\pp1\samples\badbool.out <-- transfer /afs/ir/users/d/o/dougc/pp1/samples badbool.out
2002.03.22 08:34 B H:\cs143projects\pp1\samples\baddouble.frag <-- transfer /afs/ir/users/d/o/dougc/pp1/samples baddouble.frag
2002.03.22 08:34 B H:\cs143projects\pp1\samples\baddouble.out <-- transfer /afs/ir/users/d/o/dougc/pp1/samples baddouble.out
2002.03.22 08:34 B H:\cs143projects\pp1\samples\badident.frag <-- transfer /afs/ir/users/d/o/dougc/pp1/samples badident.frag
2002.03.22 08:34 B H:\cs143projects\pp1\samples\badident.out <-- transfer /afs/ir/users/d/o/dougc/pp1/samples badident.out
2002.03.22 08:34 B H:\cs143projects\pp1\samples\badint.frag <-- transfer /afs/ir/users/d/o/dougc/pp1/samples badint.frag
2002.03.22 08:34 B H:\cs143projects\pp1\samples\badint.out <-- transfer /afs/ir/users/d/o/dougc/pp1/samples badint.out
2002.03.22 08:34 B H:\cs143projects\pp1\samples\badop.frag <-- transfer /afs/ir/users/d/o/dougc/pp1/samples badop.frag
2002.03.22 08:34 B H:\cs143projects\pp1\samples\badop.out <-- transfer /afs/ir/users/d/o/dougc/pp1/samples badop.out
2002.03.22 08:34 B H:\cs143projects\pp1\samples\badpre.frag <-- transfer /afs/ir/users/d/o/dougc/pp1/samples badpre.frag
2002.03.22 08:34 B H:\cs143projects\pp1\samples\badpre.out <-- transfer /afs/ir/users/d/o/dougc/pp1/samples badpre.out
2002.03.22 08:34 B H:\cs143projects\pp1\samples\badreserve.frag <-- transfer /afs/ir/users/d/o/dougc/pp1/samples badreserve.frag
2002.03.22 08:34 B H:\cs143projects\pp1\samples\badreserve.out <-- transfer /afs/ir/users/d/o/dougc/pp1/samples badreserve.out
2002.03.22 08:34 B H:\cs143projects\pp1\samples\badstring.frag <-- transfer /afs/ir/users/d/o/dougc/pp1/samples badstring.frag
2002.03.22 08:34 B H:\cs143projects\pp1\samples\badstring.out <-- transfer /afs/ir/users/d/o/dougc/pp1/samples badstring.out
2002.03.22 08:34 B H:\cs143projects\pp1\samples\comment.frag <-- transfer /afs/ir/users/d/o/dougc/pp1/samples comment.frag
2002.03.22 08:34 B H:\cs143projects\pp1\samples\comment.out <-- transfer /afs/ir/users/d/o/dougc/pp1/samples comment.out
2002.03.22 08:34 B H:\cs143projects\pp1\samples\define.frag <-- transfer /afs/ir/users/d/o/dougc/pp1/samples define.frag
2002.03.22 08:34 B H:\cs143projects\pp1\samples\define.out <-- transfer /afs/ir/users/d/o/dougc/pp1/samples define.out
2002.03.22 08:34 B H:\cs143projects\pp1\samples\ident.frag <-- transfer /afs/ir/users/d/o/dougc/pp1/samples ident.frag
2002.03.22 08:34 B H:\cs143projects\pp1\samples\ident.out <-- transfer /afs/ir/users/d/o/dougc/pp1/samples ident.out
2002.03.22 08:34 B H:\cs143projects\pp1\samples\number.frag <-- transfer /afs/ir/users/d/o/dougc/pp1/samples number.frag
2002.03.22 08:34 B H:\cs143projects\pp1\samples\number.out <-- transfer /afs/ir/users/d/o/dougc/pp1/samples number.out
2002.03.22 08:34 B H:\cs143projects\pp1\samples\program2.decaf <-- transfer /afs/ir/users/d/o/dougc/pp1/samples program2.decaf
2002.03.22 08:34 B H:\cs143projects\pp1\samples\program2.out <-- transfer /afs/ir/users/d/o/dougc/pp1/samples program2.out
2002.03.22 08:34 B H:\cs143projects\pp1\samples\program3.decaf <-- transfer /afs/ir/users/d/o/dougc/pp1/samples program3.decaf
2002.03.22 08:34 B H:\cs143projects\pp1\samples\program3.out <-- transfer /afs/ir/users/d/o/dougc/pp1/samples program3.out
2002.03.22 08:34 B H:\cs143projects\pp1\samples\reserve_op.frag <-- transfer /afs/ir/users/d/o/dougc/pp1/samples reserve_op.frag
2002.03.22 08:34 B H:\cs143projects\pp1\samples\reserve_op.out <-- transfer /afs/ir/users/d/o/dougc/pp1/samples reserve_op.out
2002.03.22 08:34 B H:\cs143projects\pp1\samples\string.frag <-- transfer /afs/ir/users/d/o/dougc/pp1/samples string.frag
2002.03.22 08:34 B H:\cs143projects\pp1\samples\string.out <-- transfer /afs/ir/users/d/o/dougc/pp1/samples string.out
2002.06.28 20:46 B E:\cs143projects\pp1\samples\badbool.frag --> transfer.stanford.edu /afs/ir/users/d/o/dougc/cs143/old/pp1/samples badbool.frag
2002.06.28 20:46 B E:\cs143projects\pp1\samples\badbool.out --> transfer.stanford.edu /afs/ir/users/d/o/dougc/cs143/old/pp1/samples badbool.out
2002.06.28 20:46 B E:\cs143projects\pp1\samples\baddouble.frag --> transfer.stanford.edu /afs/ir/users/d/o/dougc/cs143/old/pp1/samples baddouble.frag
2002.06.28 20:46 B E:\cs143projects\pp1\samples\baddouble.out --> transfer.stanford.edu /afs/ir/users/d/o/dougc/cs143/old/pp1/samples baddouble.out
2002.06.28 20:46 B E:\cs143projects\pp1\samples\badident.frag --> transfer.stanford.edu /afs/ir/users/d/o/dougc/cs143/old/pp1/samples badident.frag
2002.06.28 20:46 B E:\cs143projects\pp1\samples\badident.out --> transfer.stanford.edu /afs/ir/users/d/o/dougc/cs143/old/pp1/samples badident.out
2002.06.28 20:46 B E:\cs143projects\pp1\samples\badint.frag --> transfer.stanford.edu /afs/ir/users/d/o/dougc/cs143/old/pp1/samples badint.frag
2002.06.28 20:46 B E:\cs143projects\pp1\samples\badint.out --> transfer.stanford.edu /afs/ir/users/d/o/dougc/cs143/old/pp1/samples badint.out
2002.06.28 20:46 B E:\cs143projects\pp1\samples\badop.frag --> transfer.stanford.edu /afs/ir/users/d/o/dougc/cs143/old/pp1/samples badop.frag
2002.06.28 20:46 B E:\cs143projects\pp1\samples\badop.out --> transfer.stanford.edu /afs/ir/users/d/o/dougc/cs143/old/pp1/samples badop.out
2002.06.28 20:46 B E:\cs143projects\pp1\samples\badpre.frag --> transfer.stanford.edu /afs/ir/users/d/o/dougc/cs143/old/pp1/samples badpre.frag
2002.06.28 20:46 B E:\cs143projects\pp1\samples\badpre.out --> transfer.stanford.edu /afs/ir/users/d/o/dougc/cs143/old/pp1/samples badpre.out
2002.06.28 20:46 B E:\cs143projects\pp1\samples\badreserve.frag --> transfer.stanford.edu /afs/ir/users/d/o/dougc/cs143/old/pp1/samples badreserve.frag
2002.06.28 20:46 B E:\cs143projects\pp1\samples\badreserve.out --> transfer.stanford.edu /afs/ir/users/d/o/dougc/cs143/old/pp1/samples badreserve.out
2002.06.28 20:46 B E:\cs143projects\pp1\samples\badstring.frag --> transfer.stanford.edu /afs/ir/users/d/o/dougc/cs143/old/pp1/samples badstring.frag
2002.06.28 20:46 B E:\cs143projects\pp1\samples\badstring.out --> transfer.stanford.edu /afs/ir/users/d/o/dougc/cs143/old/pp1/samples badstring.out
2002.06.28 20:47 B E:\cs143projects\pp1\samples\comment.frag --> transfer.stanford.edu /afs/ir/users/d/o/dougc/cs143/old/pp1/samples comment.frag
2002.06.28 20:47 B E:\cs143projects\pp1\samples\comment.out --> transfer.stanford.edu /afs/ir/users/d/o/dougc/cs143/old/pp1/samples comment.out
2002.06.28 20:47 B E:\cs143projects\pp1\samples\define.frag --> transfer.stanford.edu /afs/ir/users/d/o/dougc/cs143/old/pp1/samples define.frag
2002.06.28 20:47 B E:\cs143projects\pp1\samples\define.out --> transfer.stanford.edu /afs/ir/users/d/o/dougc/cs143/old/pp1/samples define.out
2002.06.28 20:47 B E:\cs143projects\pp1\samples\ident.frag --> transfer.stanford.edu /afs/ir/users/d/o/dougc/cs143/old/pp1/samples ident.frag
2002.06.28 20:47 B E:\cs143projects\pp1\samples\ident.out --> transfer.stanford.edu /afs/ir/users/d/o/dougc/cs143/old/pp1/samples ident.out
2002.06.28 20:47 B E:\cs143projects\pp1\samples\number.frag --> transfer.stanford.edu /afs/ir/users/d/o/dougc/cs143/old/pp1/samples number.frag
2002.06.28 20:47 B E:\cs143projects\pp1\samples\number.out --> transfer.stanford.edu /afs/ir/users/d/o/dougc/cs143/old/pp1/samples number.out
2002.06.28 20:47 B E:\cs143projects\pp1\samples\program2.decaf --> transfer.stanford.edu /afs/ir/users/d/o/dougc/cs143/old/pp1/samples program2.decaf
2002.06.28 20:47 B E:\cs143projects\pp1\samples\program2.out --> transfer.stanford.edu /afs/ir/users/d/o/dougc/cs143/old/pp1/samples program2.out
2002.06.28 20:47 B E:\cs143projects\pp1\samples\program3.decaf --> transfer.stanford.edu /afs/ir/users/d/o/dougc/cs143/old/pp1/samples program3.decaf
2002.06.28 20:47 B E:\cs143projects\pp1\samples\program3.out --> transfer.stanford.edu /afs/ir/users/d/o/dougc/cs143/old/pp1/samples program3.out
2002.06.28 20:47 B E:\cs143projects\pp1\samples\reserve_op.frag --> transfer.stanford.edu /afs/ir/users/d/o/dougc/cs143/old/pp1/samples reserve_op.frag
2002.06.28 20:47 B E:\cs143projects\pp1\samples\reserve_op.out --> transfer.stanford.edu /afs/ir/users/d/o/dougc/cs143/old/pp1/samples reserve_op.out
2002.06.28 20:47 B E:\cs143projects\pp1\samples\string.frag --> transfer.stanford.edu /afs/ir/users/d/o/dougc/cs143/old/pp1/samples string.frag
2002.06.28 20:47 B E:\cs143projects\pp1\samples\string.out --> transfer.stanford.edu /afs/ir/users/d/o/dougc/cs143/old/pp1/samples string.out
2002.06.28 20:47 B E:\cs143projects\pp1\samples\WS_FTP.LOG --> transfer.stanford.edu /afs/ir/users/d/o/dougc/cs143/old/pp1/samples WS_FTP.LOG
