2001.09.14 05:33 B C:\Documents and Settings\Administrator\Desktop\lelandbackup\cs107\03UnixBasics.pdf <-- stanford /afs/ir/users/d/o/dougc/cs107 03UnixBasics.pdf
2001.09.14 05:33 B C:\Documents and Settings\Administrator\Desktop\lelandbackup\cs107\04UnixDevelopment.pdf <-- stanford /afs/ir/users/d/o/dougc/cs107 04UnixDevelopment.pdf
2001.09.14 05:33 B C:\Documents and Settings\Administrator\Desktop\lelandbackup\cs107\05CCheatSheet.pdf <-- stanford /afs/ir/users/d/o/dougc/cs107 05CCheatSheet.pdf
2001.09.14 05:33 B C:\Documents and Settings\Administrator\Desktop\lelandbackup\cs107\06MemoryExposed.pdf <-- stanford /afs/ir/users/d/o/dougc/cs107 06MemoryExposed.pdf
2001.09.14 05:33 B C:\Documents and Settings\Administrator\Desktop\lelandbackup\cs107\07Assignment1aScannerADT.pdf <-- stanford /afs/ir/users/d/o/dougc/cs107 07Assignment1aScannerADT.pdf
2001.09.14 05:33 B C:\Documents and Settings\Administrator\Desktop\lelandbackup\cs107\08ArraysTheFullStory.pdf <-- stanford /afs/ir/users/d/o/dougc/cs107 08ArraysTheFullStory.pdf
2001.09.14 05:33 B C:\Documents and Settings\Administrator\Desktop\lelandbackup\cs107\09CodingStandards.pdf <-- stanford /afs/ir/users/d/o/dougc/cs107 09CodingStandards.pdf
2001.09.14 05:33 B C:\Documents and Settings\Administrator\Desktop\lelandbackup\cs107\10GoodStyle.pdf <-- stanford /afs/ir/users/d/o/dougc/cs107 10GoodStyle.pdf
2001.09.14 05:33 B C:\Documents and Settings\Administrator\Desktop\lelandbackup\cs107\11Decomposition.pdf <-- stanford /afs/ir/users/d/o/dougc/cs107 11Decomposition.pdf
2001.09.14 05:33 B C:\Documents and Settings\Administrator\Desktop\lelandbackup\cs107\12AchievingReadability.pdf <-- stanford /afs/ir/users/d/o/dougc/cs107 12AchievingReadability.pdf
2001.09.14 05:33 B C:\Documents and Settings\Administrator\Desktop\lelandbackup\cs107\13PurifyataGlance.pdf <-- stanford /afs/ir/users/d/o/dougc/cs107 13PurifyataGlance.pdf
2001.09.14 05:33 B C:\Documents and Settings\Administrator\Desktop\lelandbackup\cs107\14Assignment2aBits.pdf <-- stanford /afs/ir/users/d/o/dougc/cs107 14Assignment2aBits.pdf
2001.09.14 05:33 B C:\Documents and Settings\Administrator\Desktop\lelandbackup\cs107\15Assignment1bDArray.pdf <-- stanford /afs/ir/users/d/o/dougc/cs107 15Assignment1bDArray.pdf
2001.09.14 05:33 B C:\Documents and Settings\Administrator\Desktop\lelandbackup\cs107\16TheSortedSetGeneric.pdf <-- stanford /afs/ir/users/d/o/dougc/cs107 16TheSortedSetGeneric.pdf
2001.09.14 05:33 B C:\Documents and Settings\Administrator\Desktop\lelandbackup\cs107\17Assignment1cRSG.pdf <-- stanford /afs/ir/users/d/o/dougc/cs107 17Assignment1cRSG.pdf
2001.09.14 05:33 B C:\Documents and Settings\Administrator\Desktop\lelandbackup\cs107\18ComputerArchitecture.pdf <-- stanford /afs/ir/users/d/o/dougc/cs107 18ComputerArchitecture.pdf
2001.09.14 05:33 B C:\Documents and Settings\Administrator\Desktop\lelandbackup\cs107\19SimpleCodeGeneration.pdf <-- stanford /afs/ir/users/d/o/dougc/cs107 19SimpleCodeGeneration.pdf
2001.09.14 05:33 B C:\Documents and Settings\Administrator\Desktop\lelandbackup\cs107\20FunctionCall.pdf <-- stanford /afs/ir/users/d/o/dougc/cs107 20FunctionCall.pdf
2001.09.14 05:33 B C:\Documents and Settings\Administrator\Desktop\lelandbackup\cs107\21CodeGenerationExamples.pdf <-- stanford /afs/ir/users/d/o/dougc/cs107 21CodeGenerationExamples.pdf
2001.09.14 05:33 B C:\Documents and Settings\Administrator\Desktop\lelandbackup\cs107\22TheActivationConcept.pdf <-- stanford /afs/ir/users/d/o/dougc/cs107 22TheActivationConcept.pdf
2001.09.14 05:33 B C:\Documents and Settings\Administrator\Desktop\lelandbackup\cs107\23ScannerFeedback.pdf <-- stanford /afs/ir/users/d/o/dougc/cs107 23ScannerFeedback.pdf
2001.09.14 05:33 B C:\Documents and Settings\Administrator\Desktop\lelandbackup\cs107\24Assignment2bHeapandStack.pdf <-- stanford /afs/ir/users/d/o/dougc/cs107 24Assignment2bHeapandStack.pdf
2001.09.14 05:33 B C:\Documents and Settings\Administrator\Desktop\lelandbackup\cs107\25PracticeMidterm.pdf <-- stanford /afs/ir/users/d/o/dougc/cs107 25PracticeMidterm.pdf
2001.09.14 05:33 B C:\Documents and Settings\Administrator\Desktop\lelandbackup\cs107\26PracticeMidtermSolution.pdf <-- stanford /afs/ir/users/d/o/dougc/cs107 26PracticeMidtermSolution.pdf
2001.09.14 05:33 B C:\Documents and Settings\Administrator\Desktop\lelandbackup\cs107\27DArrayFeedback.pdf <-- stanford /afs/ir/users/d/o/dougc/cs107 27DArrayFeedback.pdf
2001.09.14 05:33 B C:\Documents and Settings\Administrator\Desktop\lelandbackup\cs107\28HW2Solution.pdf <-- stanford /afs/ir/users/d/o/dougc/cs107 28HW2Solution.pdf
2001.09.14 05:33 B C:\Documents and Settings\Administrator\Desktop\lelandbackup\cs107\29CodeGenerationExamples.pdf <-- stanford /afs/ir/users/d/o/dougc/cs107 29CodeGenerationExamples.pdf
2001.09.14 05:33 B C:\Documents and Settings\Administrator\Desktop\lelandbackup\cs107\30ThreadPackageDocument.pdf <-- stanford /afs/ir/users/d/o/dougc/cs107 30ThreadPackageDocument.pdf
2001.09.14 05:33 B C:\Documents and Settings\Administrator\Desktop\lelandbackup\cs107\31CS107Midterm.pdf <-- stanford /afs/ir/users/d/o/dougc/cs107 31CS107Midterm.pdf
2001.09.14 05:33 B C:\Documents and Settings\Administrator\Desktop\lelandbackup\cs107\32ConcurrencyExamples.pdf <-- stanford /afs/ir/users/d/o/dougc/cs107 32ConcurrencyExamples.pdf
2001.09.14 05:33 B C:\Documents and Settings\Administrator\Desktop\lelandbackup\cs107\33WidgetFactory.pdf <-- stanford /afs/ir/users/d/o/dougc/cs107 33WidgetFactory.pdf
2001.09.14 05:33 B C:\Documents and Settings\Administrator\Desktop\lelandbackup\cs107\34HW3Sweethand.pdf <-- stanford /afs/ir/users/d/o/dougc/cs107 34HW3Sweethand.pdf
2001.09.14 05:33 B C:\Documents and Settings\Administrator\Desktop\lelandbackup\cs107\35MoreConcurrency.pdf <-- stanford /afs/ir/users/d/o/dougc/cs107 35MoreConcurrency.pdf
2001.09.14 05:33 B C:\Documents and Settings\Administrator\Desktop\lelandbackup\cs107\36OOPVocubulary.pdf <-- stanford /afs/ir/users/d/o/dougc/cs107 36OOPVocubulary.pdf
2001.09.14 05:33 B C:\Documents and Settings\Administrator\Desktop\lelandbackup\cs107\37JavaBasics.pdf <-- stanford /afs/ir/users/d/o/dougc/cs107 37JavaBasics.pdf
2001.09.14 05:33 B C:\Documents and Settings\Administrator\Desktop\lelandbackup\cs107\38JavaUtilityClasses.pdf <-- stanford /afs/ir/users/d/o/dougc/cs107 38JavaUtilityClasses.pdf
2001.09.14 05:33 B C:\Documents and Settings\Administrator\Desktop\lelandbackup\cs107\39CS107MidtermSolution.pdf <-- stanford /afs/ir/users/d/o/dougc/cs107 39CS107MidtermSolution.pdf
2001.09.14 05:33 B C:\Documents and Settings\Administrator\Desktop\lelandbackup\cs107\40SectionConcurrencyProblem.pdf <-- stanford /afs/ir/users/d/o/dougc/cs107 40SectionConcurrencyProblem.pdf
2001.09.14 05:33 B C:\Documents and Settings\Administrator\Desktop\lelandbackup\cs107\41RSGinJava.pdf <-- stanford /afs/ir/users/d/o/dougc/cs107 41RSGinJava.pdf
2001.09.14 05:33 B C:\Documents and Settings\Administrator\Desktop\lelandbackup\cs107\42SimpleInheritance.pdf <-- stanford /afs/ir/users/d/o/dougc/cs107 42SimpleInheritance.pdf
2001.09.14 05:33 B C:\Documents and Settings\Administrator\Desktop\lelandbackup\cs107\43CitiesandCityTables.pdf <-- stanford /afs/ir/users/d/o/dougc/cs107 43CitiesandCityTables.pdf
2001.09.14 05:33 B C:\Documents and Settings\Administrator\Desktop\lelandbackup\cs107\44JavaThreads.pdf <-- stanford /afs/ir/users/d/o/dougc/cs107 44JavaThreads.pdf
2001.09.14 05:33 B C:\Documents and Settings\Administrator\Desktop\lelandbackup\cs107\45JavaIDEs.pdf <-- stanford /afs/ir/users/d/o/dougc/cs107 45JavaIDEs.pdf
2001.09.14 05:33 B C:\Documents and Settings\Administrator\Desktop\lelandbackup\cs107\46Assignment5MazeRunner.pdf <-- stanford /afs/ir/users/d/o/dougc/cs107 46Assignment5MazeRunner.pdf
2001.09.14 05:33 B C:\Documents and Settings\Administrator\Desktop\lelandbackup\cs107\47AdvancedInheritance.pdf <-- stanford /afs/ir/users/d/o/dougc/cs107 47AdvancedInheritance.pdf
2001.09.14 05:33 B C:\Documents and Settings\Administrator\Desktop\lelandbackup\cs107\48HW1cRSGFeedback.pdf <-- stanford /afs/ir/users/d/o/dougc/cs107 48HW1cRSGFeedback.pdf
2001.09.14 05:33 B C:\Documents and Settings\Administrator\Desktop\lelandbackup\cs107\49InstructorsandInheritance.pdf <-- stanford /afs/ir/users/d/o/dougc/cs107 49InstructorsandInheritance.pdf
2001.09.14 05:33 B C:\Documents and Settings\Administrator\Desktop\lelandbackup\cs107\50IntroductiontoLISP.pdf <-- stanford /afs/ir/users/d/o/dougc/cs107 50IntroductiontoLISP.pdf
2001.09.14 05:33 B C:\Documents and Settings\Administrator\Desktop\lelandbackup\cs107\51LISPGradesExample.pdf <-- stanford /afs/ir/users/d/o/dougc/cs107 51LISPGradesExample.pdf
2001.09.14 05:33 B C:\Documents and Settings\Administrator\Desktop\lelandbackup\cs107\52LISPFunctionsasData.pdf <-- stanford /afs/ir/users/d/o/dougc/cs107 52LISPFunctionsasData.pdf
2001.09.14 05:33 B C:\Documents and Settings\Administrator\Desktop\lelandbackup\cs107\53LispExamples.pdf <-- stanford /afs/ir/users/d/o/dougc/cs107 53LispExamples.pdf
2001.09.14 05:33 B C:\Documents and Settings\Administrator\Desktop\lelandbackup\cs107\54RSGinLISP.pdf <-- stanford /afs/ir/users/d/o/dougc/cs107 54RSGinLISP.pdf
2001.09.14 05:33 B C:\Documents and Settings\Administrator\Desktop\lelandbackup\cs107\55UsingLISP.pdf <-- stanford /afs/ir/users/d/o/dougc/cs107 55UsingLISP.pdf
2001.09.14 05:34 B C:\Documents and Settings\Administrator\Desktop\lelandbackup\cs107\56Assignment5Where.pdf <-- stanford /afs/ir/users/d/o/dougc/cs107 56Assignment5Where.pdf
2001.09.14 05:34 B C:\Documents and Settings\Administrator\Desktop\lelandbackup\cs107\57PracticeFinalExam1.pdf <-- stanford /afs/ir/users/d/o/dougc/cs107 57PracticeFinalExam1.pdf
2001.09.14 05:34 B C:\Documents and Settings\Administrator\Desktop\lelandbackup\cs107\58PracticeFinalExam2.pdf <-- stanford /afs/ir/users/d/o/dougc/cs107 58PracticeFinalExam2.pdf
2001.09.14 05:34 B C:\Documents and Settings\Administrator\Desktop\lelandbackup\cs107\59PracticeFinalSolution1.pdf <-- stanford /afs/ir/users/d/o/dougc/cs107 59PracticeFinalSolution1.pdf
2001.09.14 05:34 B C:\Documents and Settings\Administrator\Desktop\lelandbackup\cs107\60PracticeFinalSolution2.pdf <-- stanford /afs/ir/users/d/o/dougc/cs107 60PracticeFinalSolution2.pdf
2001.09.14 05:34 B C:\Documents and Settings\Administrator\Desktop\lelandbackup\cs107\61LambdaPractice.pdf <-- stanford /afs/ir/users/d/o/dougc/cs107 61LambdaPractice.pdf
2001.09.14 05:34 B C:\Documents and Settings\Administrator\Desktop\lelandbackup\cs107\63CS107FinalSolution.pdf <-- stanford /afs/ir/users/d/o/dougc/cs107 63CS107FinalSolution.pdf
2001.09.14 05:34 B C:\Documents and Settings\Administrator\Desktop\lelandbackup\cs107\students <-- stanford /afs/ir/users/d/o/dougc/cs107 students
