2001.09.14 05:20 B C:\Documents and Settings\Administrator\Desktop\cs140\pp4\machine\callback.h <-- stanford /afs/ir/users/d/o/dougc/cs140/pp4/machine callback.h
2001.09.14 05:20 B C:\Documents and Settings\Administrator\Desktop\cs140\pp4\machine\console.cc <-- stanford /afs/ir/users/d/o/dougc/cs140/pp4/machine console.cc
2001.09.14 05:20 B C:\Documents and Settings\Administrator\Desktop\cs140\pp4\machine\console.h <-- stanford /afs/ir/users/d/o/dougc/cs140/pp4/machine console.h
2001.09.14 05:20 B C:\Documents and Settings\Administrator\Desktop\cs140\pp4\machine\disk.cc <-- stanford /afs/ir/users/d/o/dougc/cs140/pp4/machine disk.cc
2001.09.14 05:20 B C:\Documents and Settings\Administrator\Desktop\cs140\pp4\machine\disk.h <-- stanford /afs/ir/users/d/o/dougc/cs140/pp4/machine disk.h
2001.09.14 05:20 B C:\Documents and Settings\Administrator\Desktop\cs140\pp4\machine\elevator.cc <-- stanford /afs/ir/users/d/o/dougc/cs140/pp4/machine elevator.cc
2001.09.14 05:20 B C:\Documents and Settings\Administrator\Desktop\cs140\pp4\machine\elevator.h <-- stanford /afs/ir/users/d/o/dougc/cs140/pp4/machine elevator.h
2001.09.14 05:20 B C:\Documents and Settings\Administrator\Desktop\cs140\pp4\machine\elevatortest.cc <-- stanford /afs/ir/users/d/o/dougc/cs140/pp4/machine elevatortest.cc
2001.09.14 05:20 B C:\Documents and Settings\Administrator\Desktop\cs140\pp4\machine\elevatortest.h <-- stanford /afs/ir/users/d/o/dougc/cs140/pp4/machine elevatortest.h
2001.09.14 05:20 B C:\Documents and Settings\Administrator\Desktop\cs140\pp4\machine\interrupt.cc <-- stanford /afs/ir/users/d/o/dougc/cs140/pp4/machine interrupt.cc
2001.09.14 05:20 B C:\Documents and Settings\Administrator\Desktop\cs140\pp4\machine\interrupt.h <-- stanford /afs/ir/users/d/o/dougc/cs140/pp4/machine interrupt.h
2001.09.14 05:20 B C:\Documents and Settings\Administrator\Desktop\cs140\pp4\machine\machine.cc <-- stanford /afs/ir/users/d/o/dougc/cs140/pp4/machine machine.cc
2001.09.14 05:20 B C:\Documents and Settings\Administrator\Desktop\cs140\pp4\machine\machine.h <-- stanford /afs/ir/users/d/o/dougc/cs140/pp4/machine machine.h
2001.09.14 05:20 B C:\Documents and Settings\Administrator\Desktop\cs140\pp4\machine\mipssim.cc <-- stanford /afs/ir/users/d/o/dougc/cs140/pp4/machine mipssim.cc
2001.09.14 05:20 B C:\Documents and Settings\Administrator\Desktop\cs140\pp4\machine\mipssim.h <-- stanford /afs/ir/users/d/o/dougc/cs140/pp4/machine mipssim.h
2001.09.14 05:20 B C:\Documents and Settings\Administrator\Desktop\cs140\pp4\machine\network.cc <-- stanford /afs/ir/users/d/o/dougc/cs140/pp4/machine network.cc
2001.09.14 05:20 B C:\Documents and Settings\Administrator\Desktop\cs140\pp4\machine\network.h <-- stanford /afs/ir/users/d/o/dougc/cs140/pp4/machine network.h
2001.09.14 05:20 B C:\Documents and Settings\Administrator\Desktop\cs140\pp4\machine\registers.h <-- stanford /afs/ir/users/d/o/dougc/cs140/pp4/machine registers.h
2001.09.14 05:20 B C:\Documents and Settings\Administrator\Desktop\cs140\pp4\machine\scsidisk.cc <-- stanford /afs/ir/users/d/o/dougc/cs140/pp4/machine scsidisk.cc
2001.09.14 05:20 B C:\Documents and Settings\Administrator\Desktop\cs140\pp4\machine\stats.cc <-- stanford /afs/ir/users/d/o/dougc/cs140/pp4/machine stats.cc
2001.09.14 05:20 B C:\Documents and Settings\Administrator\Desktop\cs140\pp4\machine\stats.h <-- stanford /afs/ir/users/d/o/dougc/cs140/pp4/machine stats.h
2001.09.14 05:20 B C:\Documents and Settings\Administrator\Desktop\cs140\pp4\machine\timer.cc <-- stanford /afs/ir/users/d/o/dougc/cs140/pp4/machine timer.cc
2001.09.14 05:20 B C:\Documents and Settings\Administrator\Desktop\cs140\pp4\machine\timer.h <-- stanford /afs/ir/users/d/o/dougc/cs140/pp4/machine timer.h
2001.09.14 05:20 B C:\Documents and Settings\Administrator\Desktop\cs140\pp4\machine\translate.cc <-- stanford /afs/ir/users/d/o/dougc/cs140/pp4/machine translate.cc
2001.09.14 05:20 B C:\Documents and Settings\Administrator\Desktop\cs140\pp4\machine\translate.h <-- stanford /afs/ir/users/d/o/dougc/cs140/pp4/machine translate.h
