2001.09.14 05:36 B C:\Documents and Settings\Administrator\Desktop\cs143\01CS161CourseInformation.pdf <-- stanford /afs/ir/users/d/o/dougc/cs143 01CS161CourseInformation.pdf
2001.09.14 05:36 B C:\Documents and Settings\Administrator\Desktop\cs143\02 Overview.pdf <-- stanford /afs/ir/users/d/o/dougc/cs143 02 Overview.pdf
2001.09.14 05:36 B C:\Documents and Settings\Administrator\Desktop\cs143\02ProblemSet1.pdf <-- stanford /afs/ir/users/d/o/dougc/cs143 02ProblemSet1.pdf
2001.09.14 05:36 B C:\Documents and Settings\Administrator\Desktop\cs143\03 Lexical Analysis.pdf <-- stanford /afs/ir/users/d/o/dougc/cs143 03 Lexical Analysis.pdf
2001.09.14 05:36 B C:\Documents and Settings\Administrator\Desktop\cs143\03 Lexical Analysissummer.pdf <-- stanford /afs/ir/users/d/o/dougc/cs143 03 Lexical Analysissummer.pdf
2001.09.14 05:36 B C:\Documents and Settings\Administrator\Desktop\cs143\03_20Lexical_20Analysis.pdf <-- stanford /afs/ir/users/d/o/dougc/cs143 03_20Lexical_20Analysis.pdf
2001.09.14 05:36 B C:\Documents and Settings\Administrator\Desktop\cs143\03ProblemSet2.pdf <-- stanford /afs/ir/users/d/o/dougc/cs143 03ProblemSet2.pdf
2001.09.14 05:36 B C:\Documents and Settings\Administrator\Desktop\cs143\04_20SOOP.pdf <-- stanford /afs/ir/users/d/o/dougc/cs143 04_20SOOP.pdf
2001.09.14 05:36 B C:\Documents and Settings\Administrator\Desktop\cs143\04SolutionSet1.pdf <-- stanford /afs/ir/users/d/o/dougc/cs143 04SolutionSet1.pdf
2001.09.14 05:36 B C:\Documents and Settings\Administrator\Desktop\cs143\05 Review regex&FA.pdf <-- stanford /afs/ir/users/d/o/dougc/cs143 05 Review regex&FA.pdf
2001.09.14 05:36 B C:\Documents and Settings\Administrator\Desktop\cs143\05_20PP1_20lex.pdf <-- stanford /afs/ir/users/d/o/dougc/cs143 05_20PP1_20lex.pdf
2001.09.14 05:36 B C:\Documents and Settings\Administrator\Desktop\cs143\05ProblemSet3.pdf <-- stanford /afs/ir/users/d/o/dougc/cs143 05ProblemSet3.pdf
2001.09.14 05:36 B C:\Documents and Settings\Administrator\Desktop\cs143\06 Formal Grammars.pdf <-- stanford /afs/ir/users/d/o/dougc/cs143 06 Formal Grammars.pdf
2001.09.14 05:36 B C:\Documents and Settings\Administrator\Desktop\cs143\06_20Formal_20Grammars.pdf <-- stanford /afs/ir/users/d/o/dougc/cs143 06_20Formal_20Grammars.pdf
2001.09.14 05:36 B C:\Documents and Settings\Administrator\Desktop\cs143\06SolutionSet2.pdf <-- stanford /afs/ir/users/d/o/dougc/cs143 06SolutionSet2.pdf
2001.09.14 05:36 B C:\Documents and Settings\Administrator\Desktop\cs143\07 Top-down parsing.pdf <-- stanford /afs/ir/users/d/o/dougc/cs143 07 Top-down parsing.pdf
2001.09.14 05:36 B C:\Documents and Settings\Administrator\Desktop\cs143\07_20Top-down_20parsing.pdf <-- stanford /afs/ir/users/d/o/dougc/cs143 07_20Top-down_20parsing.pdf
2001.09.14 05:36 B C:\Documents and Settings\Administrator\Desktop\cs143\07ProblemSet4.pdf <-- stanford /afs/ir/users/d/o/dougc/cs143 07ProblemSet4.pdf
2001.09.14 05:36 B C:\Documents and Settings\Administrator\Desktop\cs143\08_20PS1_20Top-down_20parsing.pdf <-- stanford /afs/ir/users/d/o/dougc/cs143 08_20PS1_20Top-down_20parsing.pdf
2001.09.14 05:36 B C:\Documents and Settings\Administrator\Desktop\cs143\08SolutionSet3.pdf <-- stanford /afs/ir/users/d/o/dougc/cs143 08SolutionSet3.pdf
2001.09.14 05:36 B C:\Documents and Settings\Administrator\Desktop\cs143\09 Bottom-up LR(0).pdf <-- stanford /afs/ir/users/d/o/dougc/cs143 09 Bottom-up LR(0).pdf
2001.09.14 05:36 B C:\Documents and Settings\Administrator\Desktop\cs143\09_20Bottom-up_20SLR.pdf <-- stanford /afs/ir/users/d/o/dougc/cs143 09_20Bottom-up_20SLR.pdf
2001.09.14 05:36 B C:\Documents and Settings\Administrator\Desktop\cs143\09ProblemSet5.pdf <-- stanford /afs/ir/users/d/o/dougc/cs143 09ProblemSet5.pdf
2001.09.14 05:36 B C:\Documents and Settings\Administrator\Desktop\cs143\10 SLR_2fLR parsing.pdf <-- stanford /afs/ir/users/d/o/dougc/cs143 10 SLR_2fLR parsing.pdf
2001.09.14 05:36 B C:\Documents and Settings\Administrator\Desktop\cs143\10_20LR_20parsing.pdf <-- stanford /afs/ir/users/d/o/dougc/cs143 10_20LR_20parsing.pdf
2001.09.14 05:36 B C:\Documents and Settings\Administrator\Desktop\cs143\10ProblemSet6.pdf <-- stanford /afs/ir/users/d/o/dougc/cs143 10ProblemSet6.pdf
2001.09.14 05:36 B C:\Documents and Settings\Administrator\Desktop\cs143\11_20LALR_20parsing.pdf <-- stanford /afs/ir/users/d/o/dougc/cs143 11_20LALR_20parsing.pdf
2001.09.14 05:36 B C:\Documents and Settings\Administrator\Desktop\cs143\11SolutionSet4.pdf <-- stanford /afs/ir/users/d/o/dougc/cs143 11SolutionSet4.pdf
2001.09.14 05:36 B C:\Documents and Settings\Administrator\Desktop\cs143\12 LALR parsing.pdf <-- stanford /afs/ir/users/d/o/dougc/cs143 12 LALR parsing.pdf
2001.09.14 05:36 B C:\Documents and Settings\Administrator\Desktop\cs143\12_20PS2_20LR_20parsing.pdf <-- stanford /afs/ir/users/d/o/dougc/cs143 12_20PS2_20LR_20parsing.pdf
2001.09.14 05:36 B C:\Documents and Settings\Administrator\Desktop\cs143\12ProblemSet7.pdf <-- stanford /afs/ir/users/d/o/dougc/cs143 12ProblemSet7.pdf
2001.09.14 05:36 B C:\Documents and Settings\Administrator\Desktop\cs143\13 Misc Parsing.pdf <-- stanford /afs/ir/users/d/o/dougc/cs143 13 Misc Parsing.pdf
2001.09.14 05:36 B C:\Documents and Settings\Administrator\Desktop\cs143\13_20PS1_20solution.pdf <-- stanford /afs/ir/users/d/o/dougc/cs143 13_20PS1_20solution.pdf
2001.09.14 05:36 B C:\Documents and Settings\Administrator\Desktop\cs143\13SolutionSet5.pdf <-- stanford /afs/ir/users/d/o/dougc/cs143 13SolutionSet5.pdf
2001.09.14 05:36 B C:\Documents and Settings\Administrator\Desktop\cs143\14 Yacc basics.pdf <-- stanford /afs/ir/users/d/o/dougc/cs143 14 Yacc basics.pdf
2001.09.14 05:36 B C:\Documents and Settings\Administrator\Desktop\cs143\14_20Midterm_20practice.pdf <-- stanford /afs/ir/users/d/o/dougc/cs143 14_20Midterm_20practice.pdf
2001.09.14 05:36 B C:\Documents and Settings\Administrator\Desktop\cs143\14SolutionSet6.pdf <-- stanford /afs/ir/users/d/o/dougc/cs143 14SolutionSet6.pdf
2001.09.14 05:36 B C:\Documents and Settings\Administrator\Desktop\cs143\15_20Misc_20Parsing.pdf <-- stanford /afs/ir/users/d/o/dougc/cs143 15_20Misc_20Parsing.pdf
2001.09.14 05:36 B C:\Documents and Settings\Administrator\Desktop\cs143\15SolutionSet7.pdf <-- stanford /afs/ir/users/d/o/dougc/cs143 15SolutionSet7.pdf
2001.09.14 05:36 B C:\Documents and Settings\Administrator\Desktop\cs143\1637.pdf <-- stanford /afs/ir/users/d/o/dougc/cs143 1637.pdf
2001.09.14 05:36 B C:\Documents and Settings\Administrator\Desktop\cs143\16_20Practice_20solution.pdf <-- stanford /afs/ir/users/d/o/dougc/cs143 16_20Practice_20solution.pdf
2001.09.14 05:36 B C:\Documents and Settings\Administrator\Desktop\cs143\16CS161FinalExam.pdf <-- stanford /afs/ir/users/d/o/dougc/cs143 16CS161FinalExam.pdf
2001.09.14 05:36 B C:\Documents and Settings\Administrator\Desktop\cs143\17_20Grammar_20design.pdf <-- stanford /afs/ir/users/d/o/dougc/cs143 17_20Grammar_20design.pdf
2001.09.14 05:36 B C:\Documents and Settings\Administrator\Desktop\cs143\17CS161FinalSolution.pdf <-- stanford /afs/ir/users/d/o/dougc/cs143 17CS161FinalSolution.pdf
2001.09.14 05:36 B C:\Documents and Settings\Administrator\Desktop\cs143\18 Midterm practice_2fsolutio.pdf <-- stanford /afs/ir/users/d/o/dougc/cs143 18 Midterm practice_2fsolutio.pdf
2001.09.14 05:36 B C:\Documents and Settings\Administrator\Desktop\cs143\18_20PS2_20solution.pdf <-- stanford /afs/ir/users/d/o/dougc/cs143 18_20PS2_20solution.pdf
2001.09.14 05:36 B C:\Documents and Settings\Administrator\Desktop\cs143\19 Syntax directed transla.pdf <-- stanford /afs/ir/users/d/o/dougc/cs143 19 Syntax directed transla.pdf
2001.09.14 05:36 B C:\Documents and Settings\Administrator\Desktop\cs143\20_20Midterm_20soln.pdf <-- stanford /afs/ir/users/d/o/dougc/cs143 20_20Midterm_20soln.pdf
2001.09.14 05:36 B C:\Documents and Settings\Administrator\Desktop\cs143\21 Semantic analysis.pdf <-- stanford /afs/ir/users/d/o/dougc/cs143 21 Semantic analysis.pdf
2001.09.14 05:36 B C:\Documents and Settings\Administrator\Desktop\cs143\21_20Syntax_20directed_20translat.pdf <-- stanford /afs/ir/users/d/o/dougc/cs143 21_20Syntax_20directed_20translat.pdf
2001.09.14 05:36 B C:\Documents and Settings\Administrator\Desktop\cs143\22_20Yacc.pdf <-- stanford /afs/ir/users/d/o/dougc/cs143 22_20Yacc.pdf
2001.09.14 05:36 B C:\Documents and Settings\Administrator\Desktop\cs143\24_20Semantic_20analysis.pdf <-- stanford /afs/ir/users/d/o/dougc/cs143 24_20Semantic_20analysis.pdf
2001.09.14 05:36 B C:\Documents and Settings\Administrator\Desktop\cs143\25 Intermed Rep.pdf <-- stanford /afs/ir/users/d/o/dougc/cs143 25 Intermed Rep.pdf
2001.09.14 05:36 B C:\Documents and Settings\Administrator\Desktop\cs143\25_20PP3_20semantic_20analysis.pdf <-- stanford /afs/ir/users/d/o/dougc/cs143 25_20PP3_20semantic_20analysis.pdf
2001.09.14 05:36 B C:\Documents and Settings\Administrator\Desktop\cs143\26 TAC.pdf <-- stanford /afs/ir/users/d/o/dougc/cs143 26 TAC.pdf
2001.09.14 05:36 B C:\Documents and Settings\Administrator\Desktop\cs143\26 TACsummer.pdf <-- stanford /afs/ir/users/d/o/dougc/cs143 26 TACsummer.pdf
2001.09.14 05:36 B C:\Documents and Settings\Administrator\Desktop\cs143\26_20Intermed_20Rep_2fTAC.pdf <-- stanford /afs/ir/users/d/o/dougc/cs143 26_20Intermed_20Rep_2fTAC.pdf
2001.09.14 05:37 B C:\Documents and Settings\Administrator\Desktop\cs143\27 Runtime environment.pdf <-- stanford /afs/ir/users/d/o/dougc/cs143 27 Runtime environment.pdf
2001.09.14 05:37 B C:\Documents and Settings\Administrator\Desktop\cs143\27_20Runtime_20environment.pdf <-- stanford /afs/ir/users/d/o/dougc/cs143 27_20Runtime_20environment.pdf
2001.09.14 05:37 B C:\Documents and Settings\Administrator\Desktop\cs143\28_20PP4_20typecheck.pdf <-- stanford /afs/ir/users/d/o/dougc/cs143 28_20PP4_20typecheck.pdf
2001.09.14 05:37 B C:\Documents and Settings\Administrator\Desktop\cs143\29_20Code_20generation.pdf <-- stanford /afs/ir/users/d/o/dougc/cs143 29_20Code_20generation.pdf
2001.09.14 05:37 B C:\Documents and Settings\Administrator\Desktop\cs143\30 Final code generation.pdf <-- stanford /afs/ir/users/d/o/dougc/cs143 30 Final code generation.pdf
2001.09.14 05:37 B C:\Documents and Settings\Administrator\Desktop\cs143\30 Final code generationsummer.pdf <-- stanford /afs/ir/users/d/o/dougc/cs143 30 Final code generationsummer.pdf
2001.09.14 05:37 B C:\Documents and Settings\Administrator\Desktop\cs143\30_20Chowder.pdf <-- stanford /afs/ir/users/d/o/dougc/cs143 30_20Chowder.pdf
2001.09.14 05:37 B C:\Documents and Settings\Administrator\Desktop\cs143\31 Optimization.pdf <-- stanford /afs/ir/users/d/o/dougc/cs143 31 Optimization.pdf
2001.09.14 05:37 B C:\Documents and Settings\Administrator\Desktop\cs143\31_20Optimization.pdf <-- stanford /afs/ir/users/d/o/dougc/cs143 31_20Optimization.pdf
2001.09.14 05:37 B C:\Documents and Settings\Administrator\Desktop\cs143\32_20PP5_20code_20gen.pdf <-- stanford /afs/ir/users/d/o/dougc/cs143 32_20PP5_20code_20gen.pdf
2001.09.14 05:37 B C:\Documents and Settings\Administrator\Desktop\cs143\33 Final practice_2fsolution.pdf <-- stanford /afs/ir/users/d/o/dougc/cs143 33 Final practice_2fsolution.pdf
2001.09.14 05:37 B C:\Documents and Settings\Administrator\Desktop\cs143\33_20Runtime_20tools.pdf <-- stanford /afs/ir/users/d/o/dougc/cs143 33_20Runtime_20tools.pdf
2001.09.14 05:37 B C:\Documents and Settings\Administrator\Desktop\cs143\34_20Java_20thoughts.pdf <-- stanford /afs/ir/users/d/o/dougc/cs143 34_20Java_20thoughts.pdf
2001.09.14 05:37 B C:\Documents and Settings\Administrator\Desktop\cs143\35_20Final_20practice.pdf <-- stanford /afs/ir/users/d/o/dougc/cs143 35_20Final_20practice.pdf
2001.09.14 05:37 B C:\Documents and Settings\Administrator\Desktop\cs143\36_20Practice_20solution.pdf <-- stanford /afs/ir/users/d/o/dougc/cs143 36_20Practice_20solution.pdf
2001.09.14 05:37 B C:\Documents and Settings\Administrator\Desktop\cs143\37JavaBasics.pdf <-- stanford /afs/ir/users/d/o/dougc/cs143 37JavaBasics.pdf
2001.09.14 05:37 B C:\Documents and Settings\Administrator\Desktop\cs143\bison.pdf <-- stanford /afs/ir/users/d/o/dougc/cs143 bison.pdf
2001.09.14 05:37 B C:\Documents and Settings\Administrator\Desktop\cs143\CS143 Compilers.htm <-- stanford /afs/ir/users/d/o/dougc/cs143 CS143 Compilers.htm
2001.09.14 05:37 B C:\Documents and Settings\Administrator\Desktop\cs143\EliasHDagherResume.pdf <-- stanford /afs/ir/users/d/o/dougc/cs143 EliasHDagherResume.pdf
2001.09.14 05:37 B C:\Documents and Settings\Administrator\Desktop\cs143\flex.pdf <-- stanford /afs/ir/users/d/o/dougc/cs143 flex.pdf
2001.09.14 05:37 B C:\Documents and Settings\Administrator\Desktop\cs143\FoodTV Recipe - Larry's Fire Roasted Chicken Skewers With Tangerine-Cascabel Glaze With Tangerine-Pomegranate Relish.htm <-- stanford /afs/ir/users/d/o/dougc/cs143 FoodTV Recipe - Larry's Fire Roasted Chicken Skewers With Tangerine-Cascabel Glaze With Tangerine-Pomegranate Relish.htm
2001.09.14 05:37 B C:\Documents and Settings\Administrator\Desktop\cs143\hw1.pdf <-- stanford /afs/ir/users/d/o/dougc/cs143 hw1.pdf
2001.09.14 05:37 B C:\Documents and Settings\Administrator\Desktop\cs143\hw1soln.pdf <-- stanford /afs/ir/users/d/o/dougc/cs143 hw1soln.pdf
2001.09.14 05:37 B C:\Documents and Settings\Administrator\Desktop\cs143\hw1soln.ps <-- stanford /afs/ir/users/d/o/dougc/cs143 hw1soln.ps
2001.09.14 05:37 B C:\Documents and Settings\Administrator\Desktop\cs143\Lecture1.pdf <-- stanford /afs/ir/users/d/o/dougc/cs143 Lecture1.pdf
2001.09.14 05:37 B C:\Documents and Settings\Administrator\Desktop\cs143\Lecture10.pdf <-- stanford /afs/ir/users/d/o/dougc/cs143 Lecture10.pdf
2001.09.14 05:37 B C:\Documents and Settings\Administrator\Desktop\cs143\Lecture11.pdf <-- stanford /afs/ir/users/d/o/dougc/cs143 Lecture11.pdf
2001.09.14 05:37 B C:\Documents and Settings\Administrator\Desktop\cs143\Lecture12.pdf <-- stanford /afs/ir/users/d/o/dougc/cs143 Lecture12.pdf
2001.09.14 05:37 B C:\Documents and Settings\Administrator\Desktop\cs143\Lecture12summer.pdf <-- stanford /afs/ir/users/d/o/dougc/cs143 Lecture12summer.pdf
2001.09.14 05:37 B C:\Documents and Settings\Administrator\Desktop\cs143\Lecture13.pdf <-- stanford /afs/ir/users/d/o/dougc/cs143 Lecture13.pdf
2001.09.14 05:37 B C:\Documents and Settings\Administrator\Desktop\cs143\Lecture2.pdf <-- stanford /afs/ir/users/d/o/dougc/cs143 Lecture2.pdf
2001.09.14 05:37 B C:\Documents and Settings\Administrator\Desktop\cs143\Lecture3.pdf <-- stanford /afs/ir/users/d/o/dougc/cs143 Lecture3.pdf
2001.09.14 05:37 B C:\Documents and Settings\Administrator\Desktop\cs143\Lecture4.pdf <-- stanford /afs/ir/users/d/o/dougc/cs143 Lecture4.pdf
2001.09.14 05:37 B C:\Documents and Settings\Administrator\Desktop\cs143\Lecture5.pdf <-- stanford /afs/ir/users/d/o/dougc/cs143 Lecture5.pdf
2001.09.14 05:37 B C:\Documents and Settings\Administrator\Desktop\cs143\Lecture6.pdf <-- stanford /afs/ir/users/d/o/dougc/cs143 Lecture6.pdf
2001.09.14 05:37 B C:\Documents and Settings\Administrator\Desktop\cs143\Lecture7.pdf <-- stanford /afs/ir/users/d/o/dougc/cs143 Lecture7.pdf
2001.09.14 05:37 B C:\Documents and Settings\Administrator\Desktop\cs143\Lecture8.pdf <-- stanford /afs/ir/users/d/o/dougc/cs143 Lecture8.pdf
2001.09.14 05:37 B C:\Documents and Settings\Administrator\Desktop\cs143\Lecture9.pdf <-- stanford /afs/ir/users/d/o/dougc/cs143 Lecture9.pdf
2001.09.14 05:37 B C:\Documents and Settings\Administrator\Desktop\cs143\mocha.pdf <-- stanford /afs/ir/users/d/o/dougc/cs143 mocha.pdf
2001.09.14 05:37 B C:\Documents and Settings\Administrator\Desktop\cs143\mocha.ps <-- stanford /afs/ir/users/d/o/dougc/cs143 mocha.ps
2001.09.14 05:37 B C:\Documents and Settings\Administrator\Desktop\cs143\mocha2.pdf <-- stanford /afs/ir/users/d/o/dougc/cs143 mocha2.pdf
2001.09.14 05:37 B C:\Documents and Settings\Administrator\Desktop\cs143\mocha4.pdf <-- stanford /afs/ir/users/d/o/dougc/cs143 mocha4.pdf
2001.09.14 05:37 B C:\Documents and Settings\Administrator\Desktop\cs143\mochasummer.pdf <-- stanford /afs/ir/users/d/o/dougc/cs143 mochasummer.pdf
2001.09.14 05:37 B C:\Documents and Settings\Administrator\Desktop\cs143\pp1.ps <-- stanford /afs/ir/users/d/o/dougc/cs143 pp1.ps
2001.09.14 05:37 B C:\Documents and Settings\Administrator\Desktop\cs143\pp1.tar.gz <-- stanford /afs/ir/users/d/o/dougc/cs143 pp1.tar.gz
2001.09.14 05:37 B C:\Documents and Settings\Administrator\Desktop\cs143\pp2.pdf <-- stanford /afs/ir/users/d/o/dougc/cs143 pp2.pdf
2001.09.14 05:37 B C:\Documents and Settings\Administrator\Desktop\cs143\pp2.tar.gz <-- stanford /afs/ir/users/d/o/dougc/cs143 pp2.tar.gz
2001.09.14 05:37 B C:\Documents and Settings\Administrator\Desktop\cs143\pp3.pdf <-- stanford /afs/ir/users/d/o/dougc/cs143 pp3.pdf
2001.09.14 05:37 B C:\Documents and Settings\Administrator\Desktop\cs143\pp3.tar.gz <-- stanford /afs/ir/users/d/o/dougc/cs143 pp3.tar.gz
2001.09.14 05:37 B C:\Documents and Settings\Administrator\Desktop\cs143\pp4.pdf <-- stanford /afs/ir/users/d/o/dougc/cs143 pp4.pdf
2001.09.14 05:37 B C:\Documents and Settings\Administrator\Desktop\cs143\pp4.tar.gz <-- stanford /afs/ir/users/d/o/dougc/cs143 pp4.tar.gz
2001.09.14 05:37 B C:\Documents and Settings\Administrator\Desktop\cs143\Tante Marie's Rustic Peach Tart with Berries.htm <-- stanford /afs/ir/users/d/o/dougc/cs143 Tante Marie's Rustic Peach Tart with Berries.htm
2001.09.14 05:37 B C:\Documents and Settings\Administrator\Desktop\cs143\Webgood Page.htm <-- stanford /afs/ir/users/d/o/dougc/cs143 Webgood Page.htm
2002.07.03 01:42 B E:\cs143\14_20Midterm_20practice.pdf --> transfer.stanford.edu /afs/ir/users/d/o/dougc 14_20Midterm_20practice.pdf
2002.07.03 01:42 B E:\cs143\13_20PS1_20solution.pdf --> transfer.stanford.edu /afs/ir/users/d/o/dougc 13_20PS1_20solution.pdf
2002.07.03 01:42 B E:\cs143\06SolutionSet2.pdf --> transfer.stanford.edu /afs/ir/users/d/o/dougc 06SolutionSet2.pdf
2002.07.03 01:42 B E:\cs143\12_20PS2_20LR_20parsing.pdf --> transfer.stanford.edu /afs/ir/users/d/o/dougc 12_20PS2_20LR_20parsing.pdf
2002.07.03 01:43 B E:\cs143\16_20Practice_20solution.pdf --> transfer.stanford.edu /afs/ir/users/d/o/dougc 16_20Practice_20solution.pdf
2002.07.03 01:43 B E:\cs143\18 Midterm practice_2fsolutio.pdf --> transfer.stanford.edu /afs/ir/users/d/o/dougc 18 Midterm practice_2fsolutio.pdf
2002.07.03 01:43 B E:\cs143\20_20Midterm_20soln.pdf --> transfer.stanford.edu /afs/ir/users/d/o/dougc 20_20Midterm_20soln.pdf
2002.07.03 01:43 B E:\cs143\hw1.pdf --> transfer.stanford.edu /afs/ir/users/d/o/dougc hw1.pdf
2002.07.03 01:44 B E:\cs143\hw1soln.pdf --> transfer.stanford.edu /afs/ir/users/d/o/dougc hw1soln.pdf
