2001.09.14 05:18 B C:\Documents and Settings\Administrator\Desktop\cs140\pp3\threads\alarm.cc <-- stanford /afs/ir/users/d/o/dougc/cs140/pp3/threads alarm.cc
2001.09.14 05:18 B C:\Documents and Settings\Administrator\Desktop\cs140\pp3\threads\alarm.h <-- stanford /afs/ir/users/d/o/dougc/cs140/pp3/threads alarm.h
2001.09.14 05:18 B C:\Documents and Settings\Administrator\Desktop\cs140\pp3\threads\constants.h <-- stanford /afs/ir/users/d/o/dougc/cs140/pp3/threads constants.h
2001.09.14 05:18 B C:\Documents and Settings\Administrator\Desktop\cs140\pp3\threads\dddd <-- stanford /afs/ir/users/d/o/dougc/cs140/pp3/threads dddd
2001.09.14 05:18 B C:\Documents and Settings\Administrator\Desktop\cs140\pp3\threads\fasdfa <-- stanford /afs/ir/users/d/o/dougc/cs140/pp3/threads fasdfa
2001.09.14 05:18 B C:\Documents and Settings\Administrator\Desktop\cs140\pp3\threads\kernel.cc <-- stanford /afs/ir/users/d/o/dougc/cs140/pp3/threads kernel.cc
2001.09.14 05:18 B C:\Documents and Settings\Administrator\Desktop\cs140\pp3\threads\kernel.h <-- stanford /afs/ir/users/d/o/dougc/cs140/pp3/threads kernel.h
2001.09.14 05:18 B C:\Documents and Settings\Administrator\Desktop\cs140\pp3\threads\main.cc <-- stanford /afs/ir/users/d/o/dougc/cs140/pp3/threads main.cc
2001.09.14 05:18 B C:\Documents and Settings\Administrator\Desktop\cs140\pp3\threads\main.h <-- stanford /afs/ir/users/d/o/dougc/cs140/pp3/threads main.h
2001.09.14 05:18 B C:\Documents and Settings\Administrator\Desktop\cs140\pp3\threads\Makefile <-- stanford /afs/ir/users/d/o/dougc/cs140/pp3/threads Makefile
2001.09.14 05:18 B C:\Documents and Settings\Administrator\Desktop\cs140\pp3\threads\Makefile.ALL <-- stanford /afs/ir/users/d/o/dougc/cs140/pp3/threads Makefile.ALL
2001.09.14 05:18 B C:\Documents and Settings\Administrator\Desktop\cs140\pp3\threads\scheduler.cc <-- stanford /afs/ir/users/d/o/dougc/cs140/pp3/threads scheduler.cc
2001.09.14 05:18 B C:\Documents and Settings\Administrator\Desktop\cs140\pp3\threads\scheduler.h <-- stanford /afs/ir/users/d/o/dougc/cs140/pp3/threads scheduler.h
2001.09.14 05:18 B C:\Documents and Settings\Administrator\Desktop\cs140\pp3\threads\switch.h <-- stanford /afs/ir/users/d/o/dougc/cs140/pp3/threads switch.h
2001.09.14 05:18 B C:\Documents and Settings\Administrator\Desktop\cs140\pp3\threads\switch.s <-- stanford /afs/ir/users/d/o/dougc/cs140/pp3/threads switch.s
2001.09.14 05:18 B C:\Documents and Settings\Administrator\Desktop\cs140\pp3\threads\synch.cc <-- stanford /afs/ir/users/d/o/dougc/cs140/pp3/threads synch.cc
2001.09.14 05:18 B C:\Documents and Settings\Administrator\Desktop\cs140\pp3\threads\synch.h <-- stanford /afs/ir/users/d/o/dougc/cs140/pp3/threads synch.h
2001.09.14 05:18 B C:\Documents and Settings\Administrator\Desktop\cs140\pp3\threads\synchlist.cc <-- stanford /afs/ir/users/d/o/dougc/cs140/pp3/threads synchlist.cc
2001.09.14 05:18 B C:\Documents and Settings\Administrator\Desktop\cs140\pp3\threads\synchlist.h <-- stanford /afs/ir/users/d/o/dougc/cs140/pp3/threads synchlist.h
2001.09.14 05:18 B C:\Documents and Settings\Administrator\Desktop\cs140\pp3\threads\thread.cc <-- stanford /afs/ir/users/d/o/dougc/cs140/pp3/threads thread.cc
2001.09.14 05:18 B C:\Documents and Settings\Administrator\Desktop\cs140\pp3\threads\thread.h <-- stanford /afs/ir/users/d/o/dougc/cs140/pp3/threads thread.h
