2002.03.22 08:34 B H:\cs143projects\pp1\submit\dcc <-- transfer /afs/ir/users/d/o/dougc/pp1/submit dcc
2002.03.22 08:34 B H:\cs143projects\pp1\submit\dpp <-- transfer /afs/ir/users/d/o/dougc/pp1/submit dpp
2002.03.22 08:34 B H:\cs143projects\pp1\submit\dpp.l <-- transfer /afs/ir/users/d/o/dougc/pp1/submit dpp.l
2002.03.22 08:34 B H:\cs143projects\pp1\submit\dpp.yy.c <-- transfer /afs/ir/users/d/o/dougc/pp1/submit dpp.yy.c
2002.03.22 08:34 B H:\cs143projects\pp1\submit\dpp.yy.o <-- transfer /afs/ir/users/d/o/dougc/pp1/submit dpp.yy.o
2002.03.22 08:34 B H:\cs143projects\pp1\submit\dppmain.cc <-- transfer /afs/ir/users/d/o/dougc/pp1/submit dppmain.cc
2002.03.22 08:34 B H:\cs143projects\pp1\submit\dppmain.o <-- transfer /afs/ir/users/d/o/dougc/pp1/submit dppmain.o
2002.03.22 08:34 B H:\cs143projects\pp1\submit\errors.h <-- transfer /afs/ir/users/d/o/dougc/pp1/submit errors.h
2002.03.22 08:34 B H:\cs143projects\pp1\submit\hash.c <-- transfer /afs/ir/users/d/o/dougc/pp1/submit hash.c
2002.03.22 08:34 B H:\cs143projects\pp1\submit\hash.h <-- transfer /afs/ir/users/d/o/dougc/pp1/submit hash.h
2002.03.22 08:34 B H:\cs143projects\pp1\submit\hash.o <-- transfer /afs/ir/users/d/o/dougc/pp1/submit hash.o
2002.03.22 08:34 B H:\cs143projects\pp1\submit\lex.yy.c <-- transfer /afs/ir/users/d/o/dougc/pp1/submit lex.yy.c
2002.03.22 08:34 B H:\cs143projects\pp1\submit\lex.yy.o <-- transfer /afs/ir/users/d/o/dougc/pp1/submit lex.yy.o
2002.03.22 08:34 B H:\cs143projects\pp1\submit\main.cc <-- transfer /afs/ir/users/d/o/dougc/pp1/submit main.cc
2002.03.22 08:34 B H:\cs143projects\pp1\submit\main.o <-- transfer /afs/ir/users/d/o/dougc/pp1/submit main.o
2002.03.22 08:34 B H:\cs143projects\pp1\submit\Makefile <-- transfer /afs/ir/users/d/o/dougc/pp1/submit Makefile
2002.03.22 08:34 B H:\cs143projects\pp1\submit\README <-- transfer /afs/ir/users/d/o/dougc/pp1/submit README
2002.03.22 08:34 B H:\cs143projects\pp1\submit\scanner.h <-- transfer /afs/ir/users/d/o/dougc/pp1/submit scanner.h
2002.03.22 08:34 B H:\cs143projects\pp1\submit\scanner.l <-- transfer /afs/ir/users/d/o/dougc/pp1/submit scanner.l
2002.03.22 08:35 B H:\cs143projects\pp1\submit\utility.cc <-- transfer /afs/ir/users/d/o/dougc/pp1/submit utility.cc
2002.03.22 08:35 B H:\cs143projects\pp1\submit\utility.h <-- transfer /afs/ir/users/d/o/dougc/pp1/submit utility.h
2002.03.22 08:35 B H:\cs143projects\pp1\submit\utility.o <-- transfer /afs/ir/users/d/o/dougc/pp1/submit utility.o
2002.06.28 20:49 B E:\cs143projects\pp1\submit\dcc --> transfer.stanford.edu /afs/ir/users/d/o/dougc/cs143/old/pp1/submit dcc
2002.06.28 20:54 B E:\cs143projects\pp1\submit\dpp --> transfer.stanford.edu /afs/ir/users/d/o/dougc/cs143/old/pp1/submit dpp
